This is pdfTeX, Version 3.141592653-2.6-1.40.29 (TeX Live 2026) (preloaded format=pdflatex 2026.4.6)  14 MAY 2026 18:11
entering extended mode
 restricted \write18 enabled.
 %&-line parsing enabled.
**apresentacao.tex
(./apresentacao.tex
LaTeX2e <2025-11-01>
L3 programming layer <2026-01-19>
(/usr/local/texlive/2026/texmf-dist/tex/latex/beamer/beamer.cls
Document Class: beamer 2026/01/22 v3.77 A class for typesetting presentations
(/usr/local/texlive/2026/texmf-dist/tex/latex/beamer/beamerbasemodes.sty
(/usr/local/texlive/2026/texmf-dist/tex/latex/etoolbox/etoolbox.sty
Package: etoolbox 2025/10/02 v2.5m e-TeX tools for LaTeX (JAW)
\etb@tempcnta=\count275
)
\beamer@tempbox=\box53
\beamer@tempcount=\count276
\c@beamerpauses=\count277

(/usr/local/texlive/2026/texmf-dist/tex/latex/beamer/beamerbasedecode.sty
\beamer@slideinframe=\count278
\beamer@minimum=\count279
\beamer@decode@box=\box54
)
\beamer@commentbox=\box55
\beamer@modecount=\count280
)
(/usr/local/texlive/2026/texmf-dist/tex/generic/iftex/iftex.sty
Package: iftex 2024/12/12 v1.0g TeX engine tests
)
\headdp=\dimen148
\footheight=\dimen149
\sidebarheight=\dimen150
\beamer@tempdim=\dimen151
\beamer@finalheight=\dimen152
\beamer@animht=\dimen153
\beamer@animdp=\dimen154
\beamer@animwd=\dimen155
\beamer@leftmargin=\dimen156
\beamer@rightmargin=\dimen157
\beamer@leftsidebar=\dimen158
\beamer@rightsidebar=\dimen159
\beamer@boxsize=\dimen160
\beamer@vboxoffset=\dimen161
\beamer@descdefault=\dimen162
\beamer@descriptionwidth=\dimen163
\beamer@lastskip=\skip49
\beamer@areabox=\box56
\beamer@animcurrent=\box57
\beamer@animshowbox=\box58
\beamer@sectionbox=\box59
\beamer@logobox=\box60
\beamer@linebox=\box61
\beamer@sectioncount=\count281
\beamer@subsubsectionmax=\count282
\beamer@subsectionmax=\count283
\beamer@sectionmax=\count284
\beamer@totalheads=\count285
\beamer@headcounter=\count286
\beamer@partstartpage=\count287
\beamer@sectionstartpage=\count288
\beamer@subsectionstartpage=\count289
\beamer@animationtempa=\count290
\beamer@animationtempb=\count291
\beamer@xpos=\count292
\beamer@ypos=\count293
\beamer@ypos@offset=\count294
\beamer@showpartnumber=\count295
\beamer@currentsubsection=\count296
\beamer@coveringdepth=\count297
\beamer@sectionadjust=\count298
\beamer@toclastsection=\count299
\beamer@tocsectionnumber=\count300

(/usr/local/texlive/2026/texmf-dist/tex/latex/beamer/beamerbaseoptions.sty
(/usr/local/texlive/2026/texmf-dist/tex/latex/graphics/keyval.sty
Package: keyval 2022/05/29 v1.15 key=value parser (DPC)
\KV@toks@=\toks17
))
\beamer@paperwidth=\skip50
\beamer@paperheight=\skip51

(/usr/local/texlive/2026/texmf-dist/tex/latex/geometry/geometry.sty
Package: geometry 2026/03/07 v6.0 Page Geometry

(/usr/local/texlive/2026/texmf-dist/tex/generic/iftex/ifvtex.sty
Package: ifvtex 2019/10/25 v1.7 ifvtex legacy package. Use iftex instead.
)
\Gm@cnth=\count301
\Gm@cntv=\count302
\c@Gm@tempcnt=\count303
\Gm@bindingoffset=\dimen164
\Gm@wd@mp=\dimen165
\Gm@odd@mp=\dimen166
\Gm@even@mp=\dimen167
\Gm@layoutwidth=\dimen168
\Gm@layoutheight=\dimen169
\Gm@layouthoffset=\dimen170
\Gm@layoutvoffset=\dimen171
\Gm@dimlist=\toks18
)
(/usr/local/texlive/2026/texmf-dist/tex/latex/pgf/math/pgfmath.sty
(/usr/local/texlive/2026/texmf-dist/tex/latex/pgf/utilities/pgfrcs.sty
(/usr/local/texlive/2026/texmf-dist/tex/generic/pgf/utilities/pgfutil-common.te
x
\pgfutil@everybye=\toks19
\pgfutil@tempdima=\dimen172
\pgfutil@tempdimb=\dimen173
)
(/usr/local/texlive/2026/texmf-dist/tex/generic/pgf/utilities/pgfutil-latex.def
\pgfutil@abb=\box62
) (/usr/local/texlive/2026/texmf-dist/tex/generic/pgf/utilities/pgfrcs.code.tex
(/usr/local/texlive/2026/texmf-dist/tex/generic/pgf/pgf.revision.tex)
Package: pgfrcs 2025-08-29 v3.1.11a (3.1.11a)
))
(/usr/local/texlive/2026/texmf-dist/tex/latex/pgf/utilities/pgfkeys.sty
(/usr/local/texlive/2026/texmf-dist/tex/generic/pgf/utilities/pgfkeys.code.tex
\pgfkeys@pathtoks=\toks20
\pgfkeys@temptoks=\toks21

(/usr/local/texlive/2026/texmf-dist/tex/generic/pgf/utilities/pgfkeyslibraryfil
tered.code.tex
\pgfkeys@tmptoks=\toks22
)))
(/usr/local/texlive/2026/texmf-dist/tex/generic/pgf/math/pgfmath.code.tex
(/usr/local/texlive/2026/texmf-dist/tex/generic/pgf/math/pgfmathutil.code.tex
\pgf@x=\dimen174
\pgf@xa=\dimen175
\pgf@xb=\dimen176
\pgf@xc=\dimen177
\pgf@y=\dimen178
\pgf@ya=\dimen179
\pgf@yb=\dimen180
\pgf@yc=\dimen181
\c@pgf@counta=\count304
\c@pgf@countb=\count305
\c@pgf@countc=\count306
\c@pgf@countd=\count307
)
(/usr/local/texlive/2026/texmf-dist/tex/generic/pgf/math/pgfmathparser.code.tex
\pgfmath@dimen=\dimen182
\pgfmath@count=\count308
\pgfmath@box=\box63
\pgfmath@toks=\toks23
\pgfmath@stack@operand=\toks24
\pgfmath@stack@operation=\toks25
)
(/usr/local/texlive/2026/texmf-dist/tex/generic/pgf/math/pgfmathfunctions.code.
tex)
(/usr/local/texlive/2026/texmf-dist/tex/generic/pgf/math/pgfmathfunctions.basic
.code.tex)
(/usr/local/texlive/2026/texmf-dist/tex/generic/pgf/math/pgfmathfunctions.trigo
nometric.code.tex)
(/usr/local/texlive/2026/texmf-dist/tex/generic/pgf/math/pgfmathfunctions.rando
m.code.tex)
(/usr/local/texlive/2026/texmf-dist/tex/generic/pgf/math/pgfmathfunctions.compa
rison.code.tex)
(/usr/local/texlive/2026/texmf-dist/tex/generic/pgf/math/pgfmathfunctions.base.
code.tex)
(/usr/local/texlive/2026/texmf-dist/tex/generic/pgf/math/pgfmathfunctions.round
.code.tex)
(/usr/local/texlive/2026/texmf-dist/tex/generic/pgf/math/pgfmathfunctions.misc.
code.tex)
(/usr/local/texlive/2026/texmf-dist/tex/generic/pgf/math/pgfmathfunctions.integ
erarithmetics.code.tex)
(/usr/local/texlive/2026/texmf-dist/tex/generic/pgf/math/pgfmathcalc.code.tex)
(/usr/local/texlive/2026/texmf-dist/tex/generic/pgf/math/pgfmathfloat.code.tex
\c@pgfmathroundto@lastzeros=\count309
))) (/usr/local/texlive/2026/texmf-dist/tex/latex/base/size10.clo
File: size10.clo 2025/01/22 v1.4n Standard LaTeX file (size option)
)
(/usr/local/texlive/2026/texmf-dist/tex/latex/pgf/basiclayer/pgfcore.sty
(/usr/local/texlive/2026/texmf-dist/tex/latex/graphics/graphicx.sty
Package: graphicx 2024/12/31 v1.2e Enhanced LaTeX Graphics (DPC,SPQR)

(/usr/local/texlive/2026/texmf-dist/tex/latex/graphics/graphics.sty
Package: graphics 2024/08/06 v1.4g Standard LaTeX Graphics (DPC,SPQR)

(/usr/local/texlive/2026/texmf-dist/tex/latex/graphics/trig.sty
Package: trig 2023/12/02 v1.11 sin cos tan (DPC)
)
(/usr/local/texlive/2026/texmf-dist/tex/latex/graphics-cfg/graphics.cfg
File: graphics.cfg 2016/06/04 v1.11 sample graphics configuration
)
Package graphics Info: Driver file: pdftex.def on input line 106.

(/usr/local/texlive/2026/texmf-dist/tex/latex/graphics-def/pdftex.def
File: pdftex.def 2025/09/29 v1.2d Graphics/color driver for pdftex
))
\Gin@req@height=\dimen183
\Gin@req@width=\dimen184
)
(/usr/local/texlive/2026/texmf-dist/tex/latex/pgf/systemlayer/pgfsys.sty
(/usr/local/texlive/2026/texmf-dist/tex/generic/pgf/systemlayer/pgfsys.code.tex
Package: pgfsys 2025-08-29 v3.1.11a (3.1.11a)
\pgf@x=\dimen185
\pgf@y=\dimen186
\pgf@xa=\dimen187
\pgf@ya=\dimen188
\pgf@xb=\dimen189
\pgf@yb=\dimen190
\pgf@xc=\dimen191
\pgf@yc=\dimen192
\pgf@xd=\dimen193
\pgf@yd=\dimen194
\w@pgf@writea=\write3
\r@pgf@reada=\read2
\c@pgf@counta=\count310
\c@pgf@countb=\count311
\c@pgf@countc=\count312
\c@pgf@countd=\count313
\t@pgf@toka=\toks26
\t@pgf@tokb=\toks27
\t@pgf@tokc=\toks28
\pgf@sys@id@count=\count314
(/usr/local/texlive/2026/texmf-dist/tex/generic/pgf/systemlayer/pgf.cfg
File: pgf.cfg 2025-08-29 v3.1.11a (3.1.11a)
)
Driver file for pgf: pgfsys-pdftex.def

(/usr/local/texlive/2026/texmf-dist/tex/generic/pgf/systemlayer/pgfsys-pdftex.d
ef
File: pgfsys-pdftex.def 2025-08-29 v3.1.11a (3.1.11a)

(/usr/local/texlive/2026/texmf-dist/tex/generic/pgf/systemlayer/pgfsys-common-p
df.def
File: pgfsys-common-pdf.def 2025-08-29 v3.1.11a (3.1.11a)
)))
(/usr/local/texlive/2026/texmf-dist/tex/generic/pgf/systemlayer/pgfsyssoftpath.
code.tex
File: pgfsyssoftpath.code.tex 2025-08-29 v3.1.11a (3.1.11a)
\pgfsyssoftpath@smallbuffer@items=\count315
\pgfsyssoftpath@bigbuffer@items=\count316
)
(/usr/local/texlive/2026/texmf-dist/tex/generic/pgf/systemlayer/pgfsysprotocol.
code.tex
File: pgfsysprotocol.code.tex 2025-08-29 v3.1.11a (3.1.11a)
)) (/usr/local/texlive/2026/texmf-dist/tex/latex/xcolor/xcolor.sty
Package: xcolor 2024/09/29 v3.02 LaTeX color extensions (UK)

(/usr/local/texlive/2026/texmf-dist/tex/latex/graphics-cfg/color.cfg
File: color.cfg 2016/01/02 v1.6 sample color configuration
)
Package xcolor Info: Driver file: pdftex.def on input line 274.

(/usr/local/texlive/2026/texmf-dist/tex/latex/graphics/mathcolor.ltx)
Package xcolor Info: Model `cmy' substituted by `cmy0' on input line 1349.
Package xcolor Info: Model `hsb' substituted by `rgb' on input line 1353.
Package xcolor Info: Model `RGB' extended on input line 1365.
Package xcolor Info: Model `HTML' substituted by `rgb' on input line 1367.
Package xcolor Info: Model `Hsb' substituted by `hsb' on input line 1368.
Package xcolor Info: Model `tHsb' substituted by `hsb' on input line 1369.
Package xcolor Info: Model `HSB' substituted by `hsb' on input line 1370.
Package xcolor Info: Model `Gray' substituted by `gray' on input line 1371.
Package xcolor Info: Model `wave' substituted by `hsb' on input line 1372.
)
(/usr/local/texlive/2026/texmf-dist/tex/generic/pgf/basiclayer/pgfcore.code.tex
Package: pgfcore 2025-08-29 v3.1.11a (3.1.11a)
(/usr/local/texlive/2026/texmf-dist/tex/generic/pgf/math/pgfint.code.tex)
(/usr/local/texlive/2026/texmf-dist/tex/generic/pgf/basiclayer/pgfcorepoints.co
de.tex
File: pgfcorepoints.code.tex 2025-08-29 v3.1.11a (3.1.11a)
\pgf@picminx=\dimen195
\pgf@picmaxx=\dimen196
\pgf@picminy=\dimen197
\pgf@picmaxy=\dimen198
\pgf@pathminx=\dimen199
\pgf@pathmaxx=\dimen256
\pgf@pathminy=\dimen257
\pgf@pathmaxy=\dimen258
\pgf@xx=\dimen259
\pgf@xy=\dimen260
\pgf@yx=\dimen261
\pgf@yy=\dimen262
\pgf@zx=\dimen263
\pgf@zy=\dimen264
)
(/usr/local/texlive/2026/texmf-dist/tex/generic/pgf/basiclayer/pgfcorepathconst
ruct.code.tex
File: pgfcorepathconstruct.code.tex 2025-08-29 v3.1.11a (3.1.11a)
\pgf@path@lastx=\dimen265
\pgf@path@lasty=\dimen266
)
(/usr/local/texlive/2026/texmf-dist/tex/generic/pgf/basiclayer/pgfcorepathusage
.code.tex
File: pgfcorepathusage.code.tex 2025-08-29 v3.1.11a (3.1.11a)
\pgf@shorten@end@additional=\dimen267
\pgf@shorten@start@additional=\dimen268
)
(/usr/local/texlive/2026/texmf-dist/tex/generic/pgf/basiclayer/pgfcorescopes.co
de.tex
File: pgfcorescopes.code.tex 2025-08-29 v3.1.11a (3.1.11a)
\pgfpic=\box64
\pgf@hbox=\box65
\pgf@layerbox@main=\box66
\pgf@picture@serial@count=\count317
)
(/usr/local/texlive/2026/texmf-dist/tex/generic/pgf/basiclayer/pgfcoregraphicst
ate.code.tex
File: pgfcoregraphicstate.code.tex 2025-08-29 v3.1.11a (3.1.11a)
\pgflinewidth=\dimen269
)
(/usr/local/texlive/2026/texmf-dist/tex/generic/pgf/basiclayer/pgfcoretransform
ations.code.tex
File: pgfcoretransformations.code.tex 2025-08-29 v3.1.11a (3.1.11a)
\pgf@pt@x=\dimen270
\pgf@pt@y=\dimen271
\pgf@pt@temp=\dimen272
)
(/usr/local/texlive/2026/texmf-dist/tex/generic/pgf/basiclayer/pgfcorequick.cod
e.tex
File: pgfcorequick.code.tex 2025-08-29 v3.1.11a (3.1.11a)
)
(/usr/local/texlive/2026/texmf-dist/tex/generic/pgf/basiclayer/pgfcoreobjects.c
ode.tex
File: pgfcoreobjects.code.tex 2025-08-29 v3.1.11a (3.1.11a)
)
(/usr/local/texlive/2026/texmf-dist/tex/generic/pgf/basiclayer/pgfcorepathproce
ssing.code.tex
File: pgfcorepathprocessing.code.tex 2025-08-29 v3.1.11a (3.1.11a)
)
(/usr/local/texlive/2026/texmf-dist/tex/generic/pgf/basiclayer/pgfcorearrows.co
de.tex
File: pgfcorearrows.code.tex 2025-08-29 v3.1.11a (3.1.11a)
\pgfarrowsep=\dimen273
)
(/usr/local/texlive/2026/texmf-dist/tex/generic/pgf/basiclayer/pgfcoreshade.cod
e.tex
File: pgfcoreshade.code.tex 2025-08-29 v3.1.11a (3.1.11a)
\pgf@max=\dimen274
\pgf@sys@shading@range@num=\count318
\pgf@shadingcount=\count319
)
(/usr/local/texlive/2026/texmf-dist/tex/generic/pgf/basiclayer/pgfcoreimage.cod
e.tex
File: pgfcoreimage.code.tex 2025-08-29 v3.1.11a (3.1.11a)
)
(/usr/local/texlive/2026/texmf-dist/tex/generic/pgf/basiclayer/pgfcoreexternal.
code.tex
File: pgfcoreexternal.code.tex 2025-08-29 v3.1.11a (3.1.11a)
\pgfexternal@startupbox=\box67
)
(/usr/local/texlive/2026/texmf-dist/tex/generic/pgf/basiclayer/pgfcorelayers.co
de.tex
File: pgfcorelayers.code.tex 2025-08-29 v3.1.11a (3.1.11a)
)
(/usr/local/texlive/2026/texmf-dist/tex/generic/pgf/basiclayer/pgfcoretranspare
ncy.code.tex
File: pgfcoretransparency.code.tex 2025-08-29 v3.1.11a (3.1.11a)
)
(/usr/local/texlive/2026/texmf-dist/tex/generic/pgf/basiclayer/pgfcorepatterns.
code.tex
File: pgfcorepatterns.code.tex 2025-08-29 v3.1.11a (3.1.11a)
)
(/usr/local/texlive/2026/texmf-dist/tex/generic/pgf/basiclayer/pgfcorerdf.code.
tex
File: pgfcorerdf.code.tex 2025-08-29 v3.1.11a (3.1.11a)
))) (/usr/local/texlive/2026/texmf-dist/tex/latex/pgf/utilities/xxcolor.sty
Package: xxcolor 2003/10/24 ver 0.1
\XC@nummixins=\count320
\XC@countmixins=\count321
) (/usr/local/texlive/2026/texmf-dist/tex/latex/base/atbegshi-ltx.sty
Package: atbegshi-ltx 2021/01/10 v1.0c Emulation of the original atbegshi
package with kernel methods
)
(/usr/local/texlive/2026/texmf-dist/tex/latex/hyperref/hyperref.sty
Package: hyperref 2026-01-29 v7.01p Hypertext links for LaTeX

(/usr/local/texlive/2026/texmf-dist/tex/latex/kvsetkeys/kvsetkeys.sty
Package: kvsetkeys 2022-10-05 v1.19 Key value parser (HO)
)
(/usr/local/texlive/2026/texmf-dist/tex/generic/kvdefinekeys/kvdefinekeys.sty
Package: kvdefinekeys 2019-12-19 v1.6 Define keys (HO)
)
(/usr/local/texlive/2026/texmf-dist/tex/generic/pdfescape/pdfescape.sty
Package: pdfescape 2019/12/09 v1.15 Implements pdfTeX's escape features (HO)

(/usr/local/texlive/2026/texmf-dist/tex/generic/ltxcmds/ltxcmds.sty
Package: ltxcmds 2023-12-04 v1.26 LaTeX kernel commands for general use (HO)
)
(/usr/local/texlive/2026/texmf-dist/tex/generic/pdftexcmds/pdftexcmds.sty
Package: pdftexcmds 2020-06-27 v0.33 Utility functions of pdfTeX for LuaTeX (HO
)

(/usr/local/texlive/2026/texmf-dist/tex/generic/infwarerr/infwarerr.sty
Package: infwarerr 2019/12/03 v1.5 Providing info/warning/error messages (HO)
)
Package pdftexcmds Info: \pdf@primitive is available.
Package pdftexcmds Info: \pdf@ifprimitive is available.
Package pdftexcmds Info: \pdfdraftmode found.
))
(/usr/local/texlive/2026/texmf-dist/tex/latex/hycolor/hycolor.sty
Package: hycolor 2020-01-27 v1.10 Color options for hyperref/bookmark (HO)
)
(/usr/local/texlive/2026/texmf-dist/tex/latex/hyperref/nameref.sty
Package: nameref 2026-01-29 v2.58 Cross-referencing by name of section

(/usr/local/texlive/2026/texmf-dist/tex/latex/refcount/refcount.sty
Package: refcount 2019/12/15 v3.6 Data extraction from label references (HO)
)
(/usr/local/texlive/2026/texmf-dist/tex/generic/gettitlestring/gettitlestring.s
ty
Package: gettitlestring 2019/12/15 v1.6 Cleanup title references (HO)
 (/usr/local/texlive/2026/texmf-dist/tex/latex/kvoptions/kvoptions.sty
Package: kvoptions 2022-06-15 v3.15 Key value format for package options (HO)
))
\c@section@level=\count322
)
(/usr/local/texlive/2026/texmf-dist/tex/generic/stringenc/stringenc.sty
Package: stringenc 2019/11/29 v1.12 Convert strings between diff. encodings (HO
)
)
\@linkdim=\dimen275
\Hy@linkcounter=\count323
\Hy@pagecounter=\count324

(/usr/local/texlive/2026/texmf-dist/tex/latex/hyperref/pd1enc.def
File: pd1enc.def 2026-01-29 v7.01p Hyperref: PDFDocEncoding definition (HO)
Now handling font encoding PD1 ...
... no UTF-8 mapping file for font encoding PD1
)
(/usr/local/texlive/2026/texmf-dist/tex/generic/intcalc/intcalc.sty
Package: intcalc 2019/12/15 v1.3 Expandable calculations with integers (HO)
)
\Hy@SavedSpaceFactor=\count325

(/usr/local/texlive/2026/texmf-dist/tex/latex/hyperref/puenc.def
File: puenc.def 2026-01-29 v7.01p Hyperref: PDF Unicode definition (HO)
Now handling font encoding PU ...
... no UTF-8 mapping file for font encoding PU
)
Package hyperref Info: Option `bookmarks' set `true' on input line 4072.
Package hyperref Info: Option `bookmarksopen' set `true' on input line 4072.
Package hyperref Info: Option `implicit' set `false' on input line 4072.
Package hyperref Info: Hyper figures OFF on input line 4201.
Package hyperref Info: Link nesting OFF on input line 4206.
Package hyperref Info: Hyper index ON on input line 4209.
Package hyperref Info: Plain pages OFF on input line 4216.
Package hyperref Info: Backreferencing OFF on input line 4221.
Package hyperref Info: Implicit mode OFF; no redefinition of LaTeX internals.
Package hyperref Info: Bookmarks ON on input line 4468.
\c@Hy@tempcnt=\count326

(/usr/local/texlive/2026/texmf-dist/tex/latex/url/url.sty
\Urlmuskip=\muskip17
Package: url 2013/09/16  ver 3.4  Verb mode for urls, etc.
)
LaTeX Info: Redefining \url on input line 4807.
\XeTeXLinkMargin=\dimen276

(/usr/local/texlive/2026/texmf-dist/tex/generic/bitset/bitset.sty
Package: bitset 2019/12/09 v1.3 Handle bit-vector datatype (HO)

(/usr/local/texlive/2026/texmf-dist/tex/generic/bigintcalc/bigintcalc.sty
Package: bigintcalc 2019/12/15 v1.5 Expandable calculations on big integers (HO
)
))
\Fld@menulength=\count327
\Field@Width=\dimen277
\Fld@charsize=\dimen278
Package hyperref Info: Hyper figures OFF on input line 6084.
Package hyperref Info: Link nesting OFF on input line 6089.
Package hyperref Info: Hyper index ON on input line 6092.
Package hyperref Info: backreferencing OFF on input line 6099.
Package hyperref Info: Link coloring OFF on input line 6104.
Package hyperref Info: Link coloring with OCG OFF on input line 6109.
Package hyperref Info: PDF/A mode OFF on input line 6114.
\Hy@abspage=\count328


Package hyperref Message: Stopped early.

)
Package hyperref Info: Driver (autodetected): hpdftex.
 (/usr/local/texlive/2026/texmf-dist/tex/latex/hyperref/hpdftex.def
File: hpdftex.def 2026-01-29 v7.01p Hyperref driver for pdfTeX
\Fld@listcount=\count329
\c@bookmark@seq@number=\count330

(/usr/local/texlive/2026/texmf-dist/tex/latex/rerunfilecheck/rerunfilecheck.sty
Package: rerunfilecheck 2025-06-21 v1.11 Rerun checks for auxiliary files (HO)

(/usr/local/texlive/2026/texmf-dist/tex/generic/uniquecounter/uniquecounter.sty
Package: uniquecounter 2019/12/15 v1.4 Provide unlimited unique counter (HO)
)
Package uniquecounter Info: New unique counter `rerunfilecheck' on input line 2
84.
)) (/usr/local/texlive/2026/texmf-dist/tex/latex/beamer/beamerbaserequires.sty
(/usr/local/texlive/2026/texmf-dist/tex/latex/beamer/beamerbasecompatibility.st
y) (/usr/local/texlive/2026/texmf-dist/tex/latex/beamer/beamerbasefont.sty
(/usr/local/texlive/2026/texmf-dist/tex/latex/amsfonts/amssymb.sty
Package: amssymb 2013/01/14 v3.01 AMS font symbols

(/usr/local/texlive/2026/texmf-dist/tex/latex/amsfonts/amsfonts.sty
Package: amsfonts 2013/01/14 v3.01 Basic AMSFonts support
\@emptytoks=\toks29
\symAMSa=\mathgroup4
\symAMSb=\mathgroup5
LaTeX Font Info:    Redeclaring math symbol \hbar on input line 98.
LaTeX Font Info:    Overwriting math alphabet `\mathfrak' in version `bold'
(Font)                  U/euf/m/n --> U/euf/b/n on input line 106.
))
(/usr/local/texlive/2026/texmf-dist/tex/latex/sansmathaccent/sansmathaccent.sty
Package: sansmathaccent 2020/01/31
(/usr/local/texlive/2026/texmf-dist/tex/latex/koma-script/scrlfile.sty
Package: scrlfile 2026/02/02 v3.49.2 KOMA-Script package (file load hooks)

(/usr/local/texlive/2026/texmf-dist/tex/latex/koma-script/scrlfile-hook.sty
Package: scrlfile-hook 2026/02/02 v3.49.2 KOMA-Script package (using LaTeX hook
s)

(/usr/local/texlive/2026/texmf-dist/tex/latex/koma-script/scrlogo.sty
Package: scrlogo 2026/02/02 v3.49.2 KOMA-Script package (logo)
)))))
(/usr/local/texlive/2026/texmf-dist/tex/latex/beamer/beamerbasetranslator.sty
(/usr/local/texlive/2026/texmf-dist/tex/latex/translator/translator.sty
Package: translator 2021-05-31 v1.12d Easy translation of strings in LaTeX
))
(/usr/local/texlive/2026/texmf-dist/tex/latex/beamer/beamerbasemisc.sty)
(/usr/local/texlive/2026/texmf-dist/tex/latex/beamer/beamerbasetwoscreens.sty)
(/usr/local/texlive/2026/texmf-dist/tex/latex/beamer/beamerbaseoverlay.sty
\beamer@argscount=\count331
\beamer@lastskipcover=\skip52
\beamer@trivlistdepth=\count332
)
(/usr/local/texlive/2026/texmf-dist/tex/latex/beamer/beamerbasetitle.sty)
(/usr/local/texlive/2026/texmf-dist/tex/latex/beamer/beamerbasesection.sty
\c@lecture=\count333
\c@part=\count334
\c@section=\count335
\c@subsection=\count336
\c@subsubsection=\count337
)
(/usr/local/texlive/2026/texmf-dist/tex/latex/beamer/beamerbaseframe.sty
\beamer@framebox=\box68
\beamer@frametitlebox=\box69
\beamer@zoombox=\box70
\beamer@zoomcount=\count338
\beamer@zoomframecount=\count339
\beamer@frametextheight=\dimen279
\c@subsectionslide=\count340
\beamer@frametopskip=\skip53
\beamer@framebottomskip=\skip54
\beamer@frametopskipautobreak=\skip55
\beamer@framebottomskipautobreak=\skip56
\beamer@envbody=\toks30
\framewidth=\dimen280
\c@framenumber=\count341
)
(/usr/local/texlive/2026/texmf-dist/tex/latex/beamer/beamerbaseverbatim.sty
\beamer@verbatimfileout=\write4
)
(/usr/local/texlive/2026/texmf-dist/tex/latex/beamer/beamerbaseframesize.sty
\beamer@splitbox=\box71
\beamer@autobreakcount=\count342
\beamer@autobreaklastheight=\dimen281
\beamer@frametitletoks=\toks31
\beamer@framesubtitletoks=\toks32
)
(/usr/local/texlive/2026/texmf-dist/tex/latex/beamer/beamerbaseframecomponents.
sty
\beamer@colheight=\skip57
\beamer@footins=\box72
) (/usr/local/texlive/2026/texmf-dist/tex/latex/beamer/beamerbasecolor.sty)
(/usr/local/texlive/2026/texmf-dist/tex/latex/beamer/beamerbasenotes.sty
\beamer@frameboxcopy=\box73
)
(/usr/local/texlive/2026/texmf-dist/tex/latex/beamer/beamerbasetoc.sty)
(/usr/local/texlive/2026/texmf-dist/tex/latex/beamer/beamerbasetemplates.sty
\beamer@sbttoks=\toks33

(/usr/local/texlive/2026/texmf-dist/tex/latex/beamer/beamerbaseauxtemplates.sty
(/usr/local/texlive/2026/texmf-dist/tex/latex/beamer/beamerbaseboxes.sty
\bmb@box=\box74
\bmb@colorbox=\box75
\bmb@boxwidth=\dimen282
\bmb@boxheight=\dimen283
\bmb@prevheight=\dimen284
\bmb@temp=\dimen285
\bmb@dima=\dimen286
\bmb@dimb=\dimen287
\bmb@prevheight=\dimen288
)
\beamer@blockheadheight=\dimen289
))
(/usr/local/texlive/2026/texmf-dist/tex/latex/beamer/beamerbaselocalstructure.s
ty (/usr/local/texlive/2026/texmf-dist/tex/latex/tools/enumerate.sty
Package: enumerate 2023/07/04 v3.00 enumerate extensions (DPC)
\@enLab=\toks34
)
\beamer@bibiconwidth=\skip58
\c@figure=\count343
\c@table=\count344
\abovecaptionskip=\skip59
\belowcaptionskip=\skip60
)
(/usr/local/texlive/2026/texmf-dist/tex/latex/beamer/beamerbasenavigation.sty
(/usr/local/texlive/2026/texmf-dist/tex/latex/beamer/beamerbasenavigationsymbol
s.tex)
\beamer@section@min@dim=\dimen290
)
(/usr/local/texlive/2026/texmf-dist/tex/latex/beamer/beamerbasetheorems.sty
(/usr/local/texlive/2026/texmf-dist/tex/latex/amsmath/amsmath.sty
Package: amsmath 2025/07/09 v2.17z AMS math features
\@mathmargin=\skip61

For additional information on amsmath, use the `?' option.
(/usr/local/texlive/2026/texmf-dist/tex/latex/amsmath/amstext.sty
Package: amstext 2024/11/17 v2.01 AMS text

(/usr/local/texlive/2026/texmf-dist/tex/latex/amsmath/amsgen.sty
File: amsgen.sty 1999/11/30 v2.0 generic functions
\@emptytoks=\toks35
\ex@=\dimen291
))
(/usr/local/texlive/2026/texmf-dist/tex/latex/amsmath/amsbsy.sty
Package: amsbsy 1999/11/29 v1.2d Bold Symbols
\pmbraise@=\dimen292
)
(/usr/local/texlive/2026/texmf-dist/tex/latex/amsmath/amsopn.sty
Package: amsopn 2022/04/08 v2.04 operator names
)
\inf@bad=\count345
LaTeX Info: Redefining \frac on input line 233.
\uproot@=\count346
\leftroot@=\count347
LaTeX Info: Redefining \overline on input line 398.
LaTeX Info: Redefining \colon on input line 409.
\classnum@=\count348
\DOTSCASE@=\count349
LaTeX Info: Redefining \ldots on input line 495.
LaTeX Info: Redefining \dots on input line 498.
LaTeX Info: Redefining \cdots on input line 619.
\Mathstrutbox@=\box76
\strutbox@=\box77
LaTeX Info: Redefining \big on input line 721.
LaTeX Info: Redefining \Big on input line 722.
LaTeX Info: Redefining \bigg on input line 723.
LaTeX Info: Redefining \Bigg on input line 724.
\big@size=\dimen293
LaTeX Font Info:    Redeclaring font encoding OML on input line 742.
LaTeX Font Info:    Redeclaring font encoding OMS on input line 743.
\macc@depth=\count350
LaTeX Info: Redefining \bmod on input line 904.
LaTeX Info: Redefining \pmod on input line 909.
LaTeX Info: Redefining \smash on input line 939.
LaTeX Info: Redefining \relbar on input line 969.
LaTeX Info: Redefining \Relbar on input line 970.
\c@MaxMatrixCols=\count351
\dotsspace@=\muskip18
\c@parentequation=\count352
\dspbrk@lvl=\count353
\tag@help=\toks36
\row@=\count354
\column@=\count355
\maxfields@=\count356
\andhelp@=\toks37
\eqnshift@=\dimen294
\alignsep@=\dimen295
\tagshift@=\dimen296
\tagwidth@=\dimen297
\totwidth@=\dimen298
\lineht@=\dimen299
\@envbody=\toks38
\multlinegap=\skip62
\multlinetaggap=\skip63
\mathdisplay@stack=\toks39
LaTeX Info: Redefining \[ on input line 2950.
LaTeX Info: Redefining \] on input line 2951.
)
(/usr/local/texlive/2026/texmf-dist/tex/latex/amscls/amsthm.sty
Package: amsthm 2020/05/29 v2.20.6
\thm@style=\toks40
\thm@bodyfont=\toks41
\thm@headfont=\toks42
\thm@notefont=\toks43
\thm@headpunct=\toks44
\thm@preskip=\skip64
\thm@postskip=\skip65
\thm@headsep=\skip66
\dth@everypar=\toks45
)
\c@theorem=\count357
)
(/usr/local/texlive/2026/texmf-dist/tex/latex/beamer/beamerbasethemes.sty))
(/usr/local/texlive/2026/texmf-dist/tex/latex/beamer/beamerthemedefault.sty
(/usr/local/texlive/2026/texmf-dist/tex/latex/beamer/beamerfontthemedefault.sty
)
(/usr/local/texlive/2026/texmf-dist/tex/latex/beamer/beamercolorthemedefault.st
y)
(/usr/local/texlive/2026/texmf-dist/tex/latex/beamer/beamerinnerthemedefault.st
y
\beamer@dima=\dimen300
\beamer@dimb=\dimen301
)
(/usr/local/texlive/2026/texmf-dist/tex/latex/beamer/beamerouterthemedefault.st
y))) (/usr/local/texlive/2026/texmf-dist/tex/latex/base/inputenc.sty
Package: inputenc 2024/02/08 v1.3d Input encoding file
\inpenc@prehook=\toks46
\inpenc@posthook=\toks47
)
(/usr/local/texlive/2026/texmf-dist/tex/latex/base/fontenc.sty
Package: fontenc 2025/07/18 v2.1d Standard LaTeX package
)
(/usr/local/texlive/2026/texmf-dist/tex/generic/babel/babel.sty
Package: babel 2026/03/08 v26.4 The multilingual framework for LuaLaTeX, pdfLaT
eX and XeLaTeX
\babel@savecnt=\count358
LaTeX Encoding Info:    Redeclaring text command \ij (encoding OT1) on input li
ne 2078.
LaTeX Encoding Info:    Redeclaring text command \IJ (encoding OT1) on input li
ne 2080.
LaTeX Encoding Info:    Redeclaring text command \ij (encoding T1) on input lin
e 2082.
LaTeX Encoding Info:    Redeclaring text command \IJ (encoding T1) on input lin
e 2083.
LaTeX Encoding Info:    Ignoring declaration for text command \ij (encoding ?) 
on input line 2084.
LaTeX Encoding Info:    Ignoring declaration for text command \IJ (encoding ?) 
on input line 2086.
LaTeX Encoding Info:    Ignoring declaration for text command \SS (encoding ?) 
on input line 2111.
\U@D=\dimen302
\l@unhyphenated=\language91

(/usr/local/texlive/2026/texmf-dist/tex/generic/babel/txtbabel.def)
\bbl@readstream=\read3
LaTeX Info: Redefining \textlatin on input line 3974.
\bbl@dirlevel=\count359

(/usr/local/texlive/2026/texmf-dist/tex/generic/babel/locale/invalid/babel-braz
il.tex)

Package babel Warning: Name 'brazil' is deprecated.
(babel)                Use 'brazilian' instead.
(babel)                Reported on input line 4330.

Package babel Info: Importing font and identification data for brazil
(babel)             from babel-pt-BR.ini. Reported on input line 4330.
(/usr/local/texlive/2026/texmf-dist/tex/generic/babel-portuges/brazilian.ldf
Language: portuges 2026/01/24 v1.2u Portuguese support from the babel system
Package babel Info: Hyphen rules for 'brazil' set to \l@portuguese
(babel)             (\language73). Reported on input line 100.
Package babel Info: Making " an active character on input line 132.
))
(/usr/local/texlive/2026/texmf-dist/tex/latex/booktabs/booktabs.sty
Package: booktabs 2020/01/12 v1.61803398 Publication quality tables
\heavyrulewidth=\dimen303
\lightrulewidth=\dimen304
\cmidrulewidth=\dimen305
\belowrulesep=\dimen306
\belowbottomsep=\dimen307
\aboverulesep=\dimen308
\abovetopsep=\dimen309
\cmidrulesep=\dimen310
\cmidrulekern=\dimen311
\defaultaddspace=\dimen312
\@cmidla=\count360
\@cmidlb=\count361
\@aboverulesep=\dimen313
\@belowrulesep=\dimen314
\@thisruleclass=\count362
\@lastruleclass=\count363
\@thisrulewidth=\dimen315
)
(/usr/local/texlive/2026/texmf-dist/tex/latex/tools/array.sty
Package: array 2025/09/25 v2.6n Tabular extension package (FMi)
\col@sep=\dimen316
\ar@mcellbox=\box78
\extrarowheight=\dimen317
\NC@list=\toks48
\extratabsurround=\skip67
\backup@length=\skip68
\ar@cellbox=\box79
)
(/usr/local/texlive/2026/texmf-dist/tex/latex/pgf/frontendlayer/tikz.sty
(/usr/local/texlive/2026/texmf-dist/tex/latex/pgf/basiclayer/pgf.sty
Package: pgf 2025-08-29 v3.1.11a (3.1.11a)

(/usr/local/texlive/2026/texmf-dist/tex/generic/pgf/modules/pgfmoduleshapes.cod
e.tex
File: pgfmoduleshapes.code.tex 2025-08-29 v3.1.11a (3.1.11a)
\pgfnodeparttextbox=\box80
)
(/usr/local/texlive/2026/texmf-dist/tex/generic/pgf/modules/pgfmoduleplot.code.
tex
File: pgfmoduleplot.code.tex 2025-08-29 v3.1.11a (3.1.11a)
)
(/usr/local/texlive/2026/texmf-dist/tex/latex/pgf/compatibility/pgfcomp-version
-0-65.sty
Package: pgfcomp-version-0-65 2025-08-29 v3.1.11a (3.1.11a)
\pgf@nodesepstart=\dimen318
\pgf@nodesepend=\dimen319
)
(/usr/local/texlive/2026/texmf-dist/tex/latex/pgf/compatibility/pgfcomp-version
-1-18.sty
Package: pgfcomp-version-1-18 2025-08-29 v3.1.11a (3.1.11a)
))
(/usr/local/texlive/2026/texmf-dist/tex/latex/pgf/utilities/pgffor.sty
(/usr/local/texlive/2026/texmf-dist/tex/generic/pgf/utilities/pgffor.code.tex
Package: pgffor 2025-08-29 v3.1.11a (3.1.11a)
\pgffor@iter=\dimen320
\pgffor@skip=\dimen321
\pgffor@stack=\toks49
\pgffor@toks=\toks50
))
(/usr/local/texlive/2026/texmf-dist/tex/generic/pgf/frontendlayer/tikz/tikz.cod
e.tex
Package: tikz 2025-08-29 v3.1.11a (3.1.11a)

(/usr/local/texlive/2026/texmf-dist/tex/generic/pgf/libraries/pgflibraryplothan
dlers.code.tex
File: pgflibraryplothandlers.code.tex 2025-08-29 v3.1.11a (3.1.11a)
\pgf@plot@mark@count=\count364
\pgfplotmarksize=\dimen322
)
\tikz@lastx=\dimen323
\tikz@lasty=\dimen324
\tikz@lastxsaved=\dimen325
\tikz@lastysaved=\dimen326
\tikz@lastmovetox=\dimen327
\tikz@lastmovetoy=\dimen328
\tikzleveldistance=\dimen329
\tikzsiblingdistance=\dimen330
\tikz@figbox=\box81
\tikz@figbox@bg=\box82
\tikz@tempbox=\box83
\tikz@tempbox@bg=\box84
\tikztreelevel=\count365
\tikznumberofchildren=\count366
\tikznumberofcurrentchild=\count367
\tikz@fig@count=\count368

(/usr/local/texlive/2026/texmf-dist/tex/generic/pgf/modules/pgfmodulematrix.cod
e.tex
File: pgfmodulematrix.code.tex 2025-08-29 v3.1.11a (3.1.11a)
\pgfmatrixcurrentrow=\count369
\pgfmatrixcurrentcolumn=\count370
\pgf@matrix@numberofcolumns=\count371
)
\tikz@expandcount=\count372

(/usr/local/texlive/2026/texmf-dist/tex/generic/pgf/frontendlayer/tikz/librarie
s/tikzlibrarytopaths.code.tex
File: tikzlibrarytopaths.code.tex 2025-08-29 v3.1.11a (3.1.11a)
)))
(/usr/local/texlive/2026/texmf-dist/tex/latex/siunitx/siunitx.sty
Package: siunitx 2025-07-09 v3.4.14 A comprehensive (SI) units package
\l__siunitx_number_uncert_offset_int=\count373
\l__siunitx_number_exponent_fixed_int=\count374
\l__siunitx_number_min_decimal_int=\count375
\l__siunitx_number_min_integer_int=\count376
\l__siunitx_number_round_precision_int=\count377
\l__siunitx_number_lower_threshold_int=\count378
\l__siunitx_number_upper_threshold_int=\count379
\l__siunitx_number_group_first_int=\count380
\l__siunitx_number_group_size_int=\count381
\l__siunitx_number_group_minimum_int=\count382
\l__siunitx_angle_tmp_dim=\dimen331
\l__siunitx_angle_marker_box=\box85
\l__siunitx_angle_unit_box=\box86
\l__siunitx_compound_count_int=\count383

(/usr/local/texlive/2026/texmf-dist/tex/latex/translations/translations.sty
Package: translations 2022/02/05 v1.12 internationalization of LaTeX2e packages
 (CN)
)
\l__siunitx_table_tmp_box=\box87
\l__siunitx_table_tmp_dim=\dimen332
\l__siunitx_table_column_width_dim=\dimen333
\l__siunitx_table_integer_box=\box88
\l__siunitx_table_decimal_box=\box89
\l__siunitx_table_uncert_box=\box90
\l__siunitx_table_before_box=\box91
\l__siunitx_table_after_box=\box92
\l__siunitx_table_before_dim=\dimen334
\l__siunitx_table_carry_dim=\dimen335
\l__siunitx_unit_tmp_int=\count384
\l__siunitx_unit_position_int=\count385
\l__siunitx_unit_total_int=\count386
)
(/usr/local/texlive/2026/texmf-dist/tex/latex/beamer/beamerthemeMadrid.sty
(/usr/local/texlive/2026/texmf-dist/tex/latex/beamer/beamercolorthemewhale.sty)

(/usr/local/texlive/2026/texmf-dist/tex/latex/beamer/beamercolorthemeorchid.sty
)
(/usr/local/texlive/2026/texmf-dist/tex/latex/beamer/beamerinnerthemerounded.st
y)
(/usr/local/texlive/2026/texmf-dist/tex/latex/beamer/beamerouterthemeinfolines.
sty))
(/usr/local/texlive/2026/texmf-dist/tex/latex/l3backend/l3backend-pdftex.def
File: l3backend-pdftex.def 2025-10-09 L3 backend support: PDF output (pdfTeX)
\l__color_backend_stack_int=\count387
)
No file apresentacao.aux.
\openout1 = `apresentacao.aux'.

LaTeX Font Info:    Checking defaults for OML/cmm/m/it on input line 26.
LaTeX Font Info:    ... okay on input line 26.
LaTeX Font Info:    Checking defaults for OMS/cmsy/m/n on input line 26.
LaTeX Font Info:    ... okay on input line 26.
LaTeX Font Info:    Checking defaults for OT1/cmr/m/n on input line 26.
LaTeX Font Info:    ... okay on input line 26.
LaTeX Font Info:    Checking defaults for T1/cmr/m/n on input line 26.
LaTeX Font Info:    ... okay on input line 26.
LaTeX Font Info:    Checking defaults for TS1/cmr/m/n on input line 26.
LaTeX Font Info:    ... okay on input line 26.
LaTeX Font Info:    Checking defaults for OMX/cmex/m/n on input line 26.
LaTeX Font Info:    ... okay on input line 26.
LaTeX Font Info:    Checking defaults for U/cmr/m/n on input line 26.
LaTeX Font Info:    ... okay on input line 26.
LaTeX Font Info:    Checking defaults for PD1/pdf/m/n on input line 26.
LaTeX Font Info:    ... okay on input line 26.
LaTeX Font Info:    Checking defaults for PU/pdf/m/n on input line 26.
LaTeX Font Info:    ... okay on input line 26.
*geometry* driver: auto-detecting
*geometry* detected driver: pdftex
*geometry* verbose mode - [ preamble ] result:
* driver: pdftex
* paper: custom
* layout: <same size as paper>
* layoutoffset:(h,v)=(0.0pt,0.0pt)
* modes: includehead includefoot 
* h-part:(L,W,R)=(9.99756pt, 435.24896pt, 9.99756pt)
* v-part:(T,H,B)=(0.0pt, 256.0748pt, 0.0pt)
* \paperwidth=455.24408pt
* \paperheight=256.0748pt
* \textwidth=435.24896pt
* \textheight=227.62207pt
* \oddsidemargin=-62.27243pt
* \evensidemargin=-62.27243pt
* \topmargin=-72.26999pt
* \headheight=14.22636pt
* \headsep=0.0pt
* \topskip=10.0pt
* \footskip=14.22636pt
* \marginparwidth=3.0pt
* \marginparsep=11.0pt
* \columnsep=10.0pt
* \skip\footins=9.0pt plus 4.0pt minus 2.0pt
* \hoffset=0.0pt
* \voffset=0.0pt
* \mag=1000
* \@twocolumnfalse
* \@twosidefalse
* \@mparswitchfalse
* \@reversemarginfalse
* (1in=72.27pt=25.4mm, 1cm=28.453pt)

(/usr/local/texlive/2026/texmf-dist/tex/context/base/mkii/supp-pdf.mkii
[Loading MPS to PDF converter (version 2006.09.02).]
\scratchcounter=\count388
\scratchdimen=\dimen336
\scratchbox=\box93
\nofMPsegments=\count389
\nofMParguments=\count390
\everyMPshowfont=\toks51
\MPscratchCnt=\count391
\MPscratchDim=\dimen337
\MPnumerator=\count392
\makeMPintoPDFobject=\count393
\everyMPtoPDFconversion=\toks52
) (/usr/local/texlive/2026/texmf-dist/tex/latex/epstopdf-pkg/epstopdf-base.sty
Package: epstopdf-base 2020-01-24 v2.11 Base part for package epstopdf
Package epstopdf-base Info: Redefining graphics rule for `.eps' on input line 4
85.

(/usr/local/texlive/2026/texmf-dist/tex/latex/latexconfig/epstopdf-sys.cfg
File: epstopdf-sys.cfg 2010/07/13 v1.3 Configuration of (r)epstopdf for TeX Liv
e
))
Package hyperref Info: Link coloring OFF on input line 26.
\@outlinefile=\write5
\openout5 = `apresentacao.out'.

LaTeX Font Info:    Overwriting symbol font `operators' in version `normal'
(Font)                  OT1/cmr/m/n --> OT1/cmss/m/n on input line 26.
LaTeX Font Info:    Overwriting symbol font `operators' in version `bold'
(Font)                  OT1/cmr/bx/n --> OT1/cmss/b/n on input line 26.
\symnumbers=\mathgroup6
\sympureletters=\mathgroup7
LaTeX Font Info:    Overwriting math alphabet `\mathrm' in version `normal'
(Font)                  OT1/cmss/m/n --> T1/cmr/m/n on input line 26.
LaTeX Font Info:    Redeclaring math alphabet \mathbf on input line 26.
LaTeX Font Info:    Overwriting math alphabet `\mathbf' in version `normal'
(Font)                  OT1/cmr/bx/n --> T1/cmss/b/n on input line 26.
LaTeX Font Info:    Overwriting math alphabet `\mathbf' in version `bold'
(Font)                  OT1/cmr/bx/n --> T1/cmss/b/n on input line 26.
LaTeX Font Info:    Redeclaring math alphabet \mathsf on input line 26.
LaTeX Font Info:    Overwriting math alphabet `\mathsf' in version `normal'
(Font)                  OT1/cmss/m/n --> T1/cmss/m/n on input line 26.
LaTeX Font Info:    Overwriting math alphabet `\mathsf' in version `bold'
(Font)                  OT1/cmss/bx/n --> T1/cmss/m/n on input line 26.
LaTeX Font Info:    Redeclaring math alphabet \mathit on input line 26.
LaTeX Font Info:    Overwriting math alphabet `\mathit' in version `normal'
(Font)                  OT1/cmr/m/it --> T1/cmss/m/it on input line 26.
LaTeX Font Info:    Overwriting math alphabet `\mathit' in version `bold'
(Font)                  OT1/cmr/bx/it --> T1/cmss/m/it on input line 26.
LaTeX Font Info:    Redeclaring math alphabet \mathtt on input line 26.
LaTeX Font Info:    Overwriting math alphabet `\mathtt' in version `normal'
(Font)                  OT1/cmtt/m/n --> T1/cmtt/m/n on input line 26.
LaTeX Font Info:    Overwriting math alphabet `\mathtt' in version `bold'
(Font)                  OT1/cmtt/m/n --> T1/cmtt/m/n on input line 26.
LaTeX Font Info:    Overwriting symbol font `numbers' in version `bold'
(Font)                  T1/cmss/m/n --> T1/cmss/b/n on input line 26.
LaTeX Font Info:    Overwriting symbol font `pureletters' in version `bold'
(Font)                  T1/cmss/m/it --> T1/cmss/b/it on input line 26.
LaTeX Font Info:    Overwriting math alphabet `\mathrm' in version `bold'
(Font)                  OT1/cmss/b/n --> T1/cmr/b/n on input line 26.
LaTeX Font Info:    Overwriting math alphabet `\mathbf' in version `bold'
(Font)                  T1/cmss/b/n --> T1/cmss/b/n on input line 26.
LaTeX Font Info:    Overwriting math alphabet `\mathsf' in version `bold'
(Font)                  T1/cmss/m/n --> T1/cmss/b/n on input line 26.
LaTeX Font Info:    Overwriting math alphabet `\mathit' in version `bold'
(Font)                  T1/cmss/m/it --> T1/cmss/b/it on input line 26.
LaTeX Font Info:    Overwriting math alphabet `\mathtt' in version `bold'
(Font)                  T1/cmtt/m/n --> T1/cmtt/b/n on input line 26.
LaTeX Font Info:    Redeclaring symbol font `pureletters' on input line 26.
LaTeX Font Info:    Encoding `T1' has changed to `OT1' for symbol font
(Font)              `pureletters' in the math version `normal' on input line 26
.
LaTeX Font Info:    Overwriting symbol font `pureletters' in version `normal'
(Font)                  T1/cmss/m/it --> OT1/mathkerncmss/m/sl on input line 26
.
LaTeX Font Info:    Encoding `T1' has changed to `OT1' for symbol font
(Font)              `pureletters' in the math version `bold' on input line 26.
LaTeX Font Info:    Overwriting symbol font `pureletters' in version `bold'
(Font)                  T1/cmss/b/it --> OT1/mathkerncmss/m/sl on input line 26
.
LaTeX Font Info:    Overwriting symbol font `pureletters' in version `bold'
(Font)                  OT1/mathkerncmss/m/sl --> OT1/mathkerncmss/bx/sl on inp
ut line 26.

(/usr/local/texlive/2026/texmf-dist/tex/latex/translator/translator-basic-dicti
onary-English.dict
Dictionary: translator-basic-dictionary, Language: English 
)
(/usr/local/texlive/2026/texmf-dist/tex/latex/translator/translator-bibliograph
y-dictionary-English.dict
Dictionary: translator-bibliography-dictionary, Language: English 
)
(/usr/local/texlive/2026/texmf-dist/tex/latex/translator/translator-environment
-dictionary-English.dict
Dictionary: translator-environment-dictionary, Language: English 
)
(/usr/local/texlive/2026/texmf-dist/tex/latex/translator/translator-months-dict
ionary-English.dict
Dictionary: translator-months-dictionary, Language: English 
)
(/usr/local/texlive/2026/texmf-dist/tex/latex/translator/translator-numbers-dic
tionary-English.dict
Dictionary: translator-numbers-dictionary, Language: English 
)
(/usr/local/texlive/2026/texmf-dist/tex/latex/translator/translator-theorem-dic
tionary-English.dict
Dictionary: translator-theorem-dictionary, Language: English 
)
Package babel Info: 'brazil' activates 'portuges' shorthands.
(babel)             Reported on input line 26.

(/usr/local/texlive/2026/texmf-dist/tex/latex/translations/translations-basic-d
ictionary-brazil.trsl
File: translations-basic-dictionary-brazil.trsl (brazil translation file `trans
lations-basic-dictionary')
)
Package translations Info: loading dictionary `translations-basic-dictionary' f
or `brazil'. on input line 26.

No file apresentacao.nav.

Overfull \hbox (158.91763pt too wide) in paragraph at lines 26--26
 [][]  \T1/cmss/m/n/5 ([])  
 []


Overfull \hbox (158.91763pt too wide) in paragraph at lines 30--30
 [][]  \T1/cmss/m/n/5 ([])  
 []


Overfull \hbox (158.91763pt too wide) has occurred while \output is active
 [][]  \T1/cmss/m/n/5 ([])  
 []

[1

{/usr/local/texlive/2026/texmf-var/fonts/map/pdftex/updmap/pdftex.map}{/usr/loc
al/texlive/2026/texmf-dist/fonts/enc/dvips/cm-super/cm-super-t1.enc}]
Overfull \hbox (158.91763pt too wide) in paragraph at lines 44--44
 [][]  \T1/cmss/m/n/5 ([])  
 []


Overfull \hbox (158.91763pt too wide) has occurred while \output is active
 [][]  \T1/cmss/m/n/5 ([])  
 []

[2

]
Overfull \hbox (158.91763pt too wide) in paragraph at lines 56--56
 [][]  \T1/cmss/m/n/5 ([])  
 []

LaTeX Font Info:    Trying to load font information for U+msa on input line 56.

(/usr/local/texlive/2026/texmf-dist/tex/latex/amsfonts/umsa.fd
File: umsa.fd 2013/01/14 v3.01 AMS symbols A
)
LaTeX Font Info:    Trying to load font information for U+msb on input line 56.


(/usr/local/texlive/2026/texmf-dist/tex/latex/amsfonts/umsb.fd
File: umsb.fd 2013/01/14 v3.01 AMS symbols B
)
LaTeX Font Info:    Trying to load font information for OT1+mathkerncmss on inp
ut line 56.

(/usr/local/texlive/2026/texmf-dist/tex/latex/sansmathaccent/ot1mathkerncmss.fd
File: ot1mathkerncmss.fd 2020/01/31 Fontinst v1.933 font definitions for OT1/ma
thkerncmss.
)
Overfull \hbox (158.91763pt too wide) has occurred while \output is active
 [][]  \T1/cmss/m/n/5 ([])  
 []

[3

]
Overfull \hbox (158.91763pt too wide) in paragraph at lines 70--70
 [][]  \T1/cmss/m/n/5 ([])  
 []


Overfull \hbox (158.91763pt too wide) has occurred while \output is active
 [][]  \T1/cmss/m/n/5 ([])  
 []

[4

]
Overfull \hbox (158.91763pt too wide) in paragraph at lines 89--89
 [][]  \T1/cmss/m/n/5 ([])  
 []


Overfull \hbox (158.91763pt too wide) has occurred while \output is active
 [][]  \T1/cmss/m/n/5 ([])  
 []

[5

]
Overfull \hbox (158.91763pt too wide) in paragraph at lines 112--112
 [][]  \T1/cmss/m/n/5 ([])  
 []


Overfull \hbox (158.91763pt too wide) has occurred while \output is active
 [][]  \T1/cmss/m/n/5 ([])  
 []

[6

]
Overfull \hbox (158.91763pt too wide) in paragraph at lines 126--126
 [][]  \T1/cmss/m/n/5 ([])  
 []


Overfull \hbox (158.91763pt too wide) has occurred while \output is active
 [][]  \T1/cmss/m/n/5 ([])  
 []

[7

]
Overfull \hbox (158.91763pt too wide) in paragraph at lines 138--138
 [][]  \T1/cmss/m/n/5 ([])  
 []


Overfull \hbox (158.91763pt too wide) has occurred while \output is active
 [][]  \T1/cmss/m/n/5 ([])  
 []

[8

]
Overfull \hbox (158.91763pt too wide) in paragraph at lines 150--150
 [][]  \T1/cmss/m/n/5 ([])  
 []


Overfull \hbox (158.91763pt too wide) has occurred while \output is active
 [][]  \T1/cmss/m/n/5 ([])  
 []

[9

]
Overfull \hbox (158.91763pt too wide) in paragraph at lines 163--163
 [][]  \T1/cmss/m/n/5 ([])  
 []

<../bloco1_01_problemas_lineares.png, id=116, 1292.6694pt x 352.6776pt>
File: ../bloco1_01_problemas_lineares.png Graphic file (type png)
<use ../bloco1_01_problemas_lineares.png>
Package pdftex.def Info: ../bloco1_01_problemas_lineares.png  used on input lin
e 163.
(pdftex.def)             Requested size: 217.62064pt x 59.3732pt.
<../bloco1_02_problema_d_meialua_seed42_overview.png, id=118, 498.14679pt x 424
.84436pt>
File: ../bloco1_02_problema_d_meialua_seed42_overview.png Graphic file (type pn
g)
<use ../bloco1_02_problema_d_meialua_seed42_overview.png>
Package pdftex.def Info: ../bloco1_02_problema_d_meialua_seed42_overview.png  u
sed on input line 163.
(pdftex.def)             Requested size: 100.47131pt x 85.68694pt.

Overfull \hbox (158.91763pt too wide) has occurred while \output is active
 [][]  \T1/cmss/m/n/5 ([])  
 []

[10

 <../bloco1_01_problemas_lineares.png> <../bloco1_02_problema_d_meialua_seed42_
overview.png>]
Overfull \hbox (158.91763pt too wide) in paragraph at lines 191--191
 [][]  \T1/cmss/m/n/5 ([])  
 []

<../bloco1_01_problemas_lineares_problema_a.png, id=128, 497.6994pt x 352.6776p
t>
File: ../bloco1_01_problemas_lineares_problema_a.png Graphic file (type png)
<use ../bloco1_01_problemas_lineares_problema_a.png>
Package pdftex.def Info: ../bloco1_01_problemas_lineares_problema_a.png  used o
n input line 191.
(pdftex.def)             Requested size: 155.46992pt x 110.16841pt.

Overfull \hbox (158.91763pt too wide) has occurred while \output is active
 [][]  \T1/cmss/m/n/5 ([])  
 []

[11

 <../bloco1_01_problemas_lineares_problema_a.png>]
Overfull \hbox (158.91763pt too wide) in paragraph at lines 219--219
 [][]  \T1/cmss/m/n/5 ([])  
 []

<../bloco1_01_problemas_lineares_problema_b.png, id=137, 497.6994pt x 353.1594p
t>
File: ../bloco1_01_problemas_lineares_problema_b.png Graphic file (type png)
<use ../bloco1_01_problemas_lineares_problema_b.png>
Package pdftex.def Info: ../bloco1_01_problemas_lineares_problema_b.png  used o
n input line 219.
(pdftex.def)             Requested size: 155.25728pt x 110.16803pt.

Overfull \hbox (158.91763pt too wide) has occurred while \output is active
 [][]  \T1/cmss/m/n/5 ([])  
 []

[12

 <../bloco1_01_problemas_lineares_problema_b.png>]
Overfull \hbox (158.91763pt too wide) in paragraph at lines 247--247
 [][]  \T1/cmss/m/n/5 ([])  
 []

<../bloco1_01_problemas_lineares_problema_c.png, id=149, 497.6994pt x 353.1594p
t>
File: ../bloco1_01_problemas_lineares_problema_c.png Graphic file (type png)
<use ../bloco1_01_problemas_lineares_problema_c.png>
Package pdftex.def Info: ../bloco1_01_problemas_lineares_problema_c.png  used o
n input line 247.
(pdftex.def)             Requested size: 155.25728pt x 110.16803pt.

Overfull \hbox (158.91763pt too wide) has occurred while \output is active
 [][]  \T1/cmss/m/n/5 ([])  
 []

[13

 <../bloco1_01_problemas_lineares_problema_c.png>]
Overfull \hbox (158.91763pt too wide) in paragraph at lines 275--275
 [][]  \T1/cmss/m/n/5 ([])  
 []

File: ../bloco1_02_problema_d_meialua_seed42_overview.png Graphic file (type pn
g)
<use ../bloco1_02_problema_d_meialua_seed42_overview.png>
Package pdftex.def Info: ../bloco1_02_problema_d_meialua_seed42_overview.png  u
sed on input line 275.
(pdftex.def)             Requested size: 129.18065pt x 110.17169pt.

Overfull \hbox (158.91763pt too wide) has occurred while \output is active
 [][]  \T1/cmss/m/n/5 ([])  
 []

[14

]
Overfull \hbox (158.91763pt too wide) in paragraph at lines 293--293
 [][]  \T1/cmss/m/n/5 ([])  
 []

<../bloco1_03_oracle_w_recovery.png, id=166, 1004.0712pt x 710.655pt>
File: ../bloco1_03_oracle_w_recovery.png Graphic file (type png)
<use ../bloco1_03_oracle_w_recovery.png>
Package pdftex.def Info: ../bloco1_03_oracle_w_recovery.png  used on input line
 293.
(pdftex.def)             Requested size: 239.38864pt x 169.43294pt.

Overfull \hbox (158.91763pt too wide) has occurred while \output is active
 [][]  \T1/cmss/m/n/5 ([])  
 []

[15

 <../bloco1_03_oracle_w_recovery.png>]
Overfull \hbox (158.91763pt too wide) in paragraph at lines 306--306
 [][]  \T1/cmss/m/n/5 ([])  
 []


Overfull \hbox (158.91763pt too wide) has occurred while \output is active
 [][]  \T1/cmss/m/n/5 ([])  
 []

[16

]
Overfull \hbox (158.91763pt too wide) in paragraph at lines 328--328
 [][]  \T1/cmss/m/n/5 ([])  
 []

<../bloco1_05_fase_a_errors_seed42.png, id=183, 1003.5894pt x 427.8384pt>
File: ../bloco1_05_fase_a_errors_seed42.png Graphic file (type png)
<use ../bloco1_05_fase_a_errors_seed42.png>
Package pdftex.def Info: ../bloco1_05_fase_a_errors_seed42.png  used on input l
ine 328.
(pdftex.def)             Requested size: 261.1568pt x 111.33328pt.

Overfull \hbox (158.91763pt too wide) has occurred while \output is active
 [][]  \T1/cmss/m/n/5 ([])  
 []

[17

 <../bloco1_05_fase_a_errors_seed42.png>]
Overfull \hbox (158.91763pt too wide) in paragraph at lines 337--337
 [][]  \T1/cmss/m/n/5 ([])  
 []

<../bloco1_06_w_distribution.png, id=193, 1292.1876pt x 355.5684pt>
File: ../bloco1_06_w_distribution.png Graphic file (type png)
<use ../bloco1_06_w_distribution.png>
Package pdftex.def Info: ../bloco1_06_w_distribution.png  used on input line 33
7.
(pdftex.def)             Requested size: 369.95326pt x 101.79921pt.

Overfull \hbox (158.91763pt too wide) has occurred while \output is active
 [][]  \T1/cmss/m/n/5 ([])  
 []

[18

 <../bloco1_06_w_distribution.png>]
Overfull \hbox (158.91763pt too wide) in paragraph at lines 346--346
 [][]  \T1/cmss/m/n/5 ([])  
 []

<../bloco1_07_algorithm_comparison.png, id=202, 1003.5894pt x 711.1368pt>
File: ../bloco1_07_algorithm_comparison.png Graphic file (type png)
<use ../bloco1_07_algorithm_comparison.png>
Package pdftex.def Info: ../bloco1_07_algorithm_comparison.png  used on input l
ine 346.
(pdftex.def)             Requested size: 259.1354pt x 183.62163pt.

Overfull \hbox (158.91763pt too wide) has occurred while \output is active
 [][]  \T1/cmss/m/n/5 ([])  
 []

[19

 <../bloco1_07_algorithm_comparison.png>]
Overfull \hbox (158.91763pt too wide) in paragraph at lines 362--362
 [][]  \T1/cmss/m/n/5 ([])  
 []


Overfull \hbox (158.91763pt too wide) has occurred while \output is active
 [][]  \T1/cmss/m/n/5 ([])  
 []

[20

]
Overfull \hbox (158.91763pt too wide) in paragraph at lines 374--374
 [][]  \T1/cmss/m/n/5 ([])  
 []


Overfull \hbox (158.91763pt too wide) has occurred while \output is active
 [][]  \T1/cmss/m/n/5 ([])  
 []

[21

]
Overfull \hbox (158.91763pt too wide) in paragraph at lines 396--396
 [][]  \T1/cmss/m/n/5 ([])  
 []

<../bloco1_09_consistency_extended.png, id=227, 1004.0712pt x 713.5458pt>
File: ../bloco1_09_consistency_extended.png Graphic file (type png)
<use ../bloco1_09_consistency_extended.png>
Package pdftex.def Info: ../bloco1_09_consistency_extended.png  used on input l
ine 396.
(pdftex.def)             Requested size: 155.01659pt x 110.16293pt.

Overfull \hbox (158.91763pt too wide) has occurred while \output is active
 [][]  \T1/cmss/m/n/5 ([])  
 []

[22

 <../bloco1_09_consistency_extended.png>]
Overfull \hbox (158.91763pt too wide) in paragraph at lines 414--414
 [][]  \T1/cmss/m/n/5 ([])  
 []

<../bloco1_10_r3r4_comparison.png, id=236, 1004.0712pt x 355.0866pt>
File: ../bloco1_10_r3r4_comparison.png Graphic file (type png)
<use ../bloco1_10_r3r4_comparison.png>
Package pdftex.def Info: ../bloco1_10_r3r4_comparison.png  used on input line 4
14.
(pdftex.def)             Requested size: 239.38864pt x 84.65903pt.

Overfull \hbox (158.91763pt too wide) has occurred while \output is active
 [][]  \T1/cmss/m/n/5 ([])  
 []

[23

 <../bloco1_10_r3r4_comparison.png>]
Overfull \hbox (158.91763pt too wide) in paragraph at lines 425--425
 [][]  \T1/cmss/m/n/5 ([])  
 []

<../bloco23_external_features_comparison.png, id=245, 1068.04736pt x 711.8595pt
>
File: ../bloco23_external_features_comparison.png Graphic file (type png)
<use ../bloco23_external_features_comparison.png>
Package pdftex.def Info: ../bloco23_external_features_comparison.png  used on i
nput line 425.
(pdftex.def)             Requested size: 220.40157pt x 146.89886pt.

Overfull \hbox (158.91763pt too wide) has occurred while \output is active
 [][]  \T1/cmss/m/n/5 ([])  
 []

[24

 <../bloco23_external_features_comparison.png>]
Overfull \hbox (158.91763pt too wide) in paragraph at lines 436--436
 [][]  \T1/cmss/m/n/5 ([])  
 []

<../bloco23_external_decision_boundary.png, id=254, 1076.823pt x 1065.4663pt>
File: ../bloco23_external_decision_boundary.png Graphic file (type png)
<use ../bloco23_external_decision_boundary.png>
Package pdftex.def Info: ../bloco23_external_decision_boundary.png  used on inp
ut line 436.
(pdftex.def)             Requested size: 136.08133pt x 134.64615pt.

Overfull \hbox (158.91763pt too wide) has occurred while \output is active
 [][]  \T1/cmss/m/n/5 ([])  
 []

[25

 <../bloco23_external_decision_boundary.png>]
Overfull \hbox (158.91763pt too wide) in paragraph at lines 453--453
 [][]  \T1/cmss/m/n/5 ([])  
 []


Overfull \hbox (158.91763pt too wide) has occurred while \output is active
 [][]  \T1/cmss/m/n/5 ([])  
 []

[26

]
Overfull \hbox (158.91763pt too wide) in paragraph at lines 462--462
 [][]  \T1/cmss/m/n/5 ([])  
 []

<../bloco1_12_class_order_bias.png, id=272, 1004.0712pt x 427.8384pt>
File: ../bloco1_12_class_order_bias.png Graphic file (type png)
<use ../bloco1_12_class_order_bias.png>
Package pdftex.def Info: ../bloco1_12_class_order_bias.png  used on input line 
462.
(pdftex.def)             Requested size: 348.19748pt x 148.36821pt.

Overfull \hbox (158.91763pt too wide) has occurred while \output is active
 [][]  \T1/cmss/m/n/5 ([])  
 []

[27

 <../bloco1_12_class_order_bias.png>]
Overfull \hbox (158.91763pt too wide) in paragraph at lines 476--476
 [][]  \T1/cmss/m/n/5 ([])  
 []

<../bloco1_13_prompt_variants.png, id=281, 1437.6912pt x 427.8384pt>
File: ../bloco1_13_prompt_variants.png Graphic file (type png)
<use ../bloco1_13_prompt_variants.png>
Package pdftex.def Info: ../bloco1_13_prompt_variants.png  used on input line 4
76.
(pdftex.def)             Requested size: 217.61873pt x 64.76053pt.
<../bloco1_14a_class_names_effect.png, id=282, 859.5312pt x 352.6776pt>
File: ../bloco1_14a_class_names_effect.png Graphic file (type png)
<use ../bloco1_14a_class_names_effect.png>
Package pdftex.def Info: ../bloco1_14a_class_names_effect.png  used on input li
ne 476.
(pdftex.def)             Requested size: 178.99861pt x 73.4456pt.
<../bloco1_14b_feature_names_effect.png, id=283, 1293.1512pt x 428.3202pt>
File: ../bloco1_14b_feature_names_effect.png Graphic file (type png)
<use ../bloco1_14b_feature_names_effect.png>
Package pdftex.def Info: ../bloco1_14b_feature_names_effect.png  used on input 
line 476.
(pdftex.def)             Requested size: 217.62282pt x 72.08147pt.

Overfull \hbox (158.91763pt too wide) has occurred while \output is active
 [][]  \T1/cmss/m/n/5 ([])  
 []

[28

 <../bloco1_13_prompt_variants.png> <../bloco1_14a_class_names_effect.png> <../
bloco1_14b_feature_names_effect.png>]
Overfull \hbox (158.91763pt too wide) in paragraph at lines 479--479
 [][]  \T1/cmss/m/n/5 ([])  
 []

\openout4 = `apresentacao.vrb'.


Overfull \hbox (158.91763pt too wide) in paragraph at lines 496--496
 [][]  \T1/cmss/m/n/5 ([])  
 []

(./apresentacao.vrb)
Overfull \hbox (158.91763pt too wide) has occurred while \output is active
 [][]  \T1/cmss/m/n/5 ([])  
 []

[29

]
Overfull \hbox (158.91763pt too wide) in paragraph at lines 499--499
 [][]  \T1/cmss/m/n/5 ([])  
 []

\openout4 = `apresentacao.vrb'.


Overfull \hbox (158.91763pt too wide) in paragraph at lines 512--512
 [][]  \T1/cmss/m/n/5 ([])  
 []

(./apresentacao.vrb)
Overfull \hbox (158.91763pt too wide) has occurred while \output is active
 [][]  \T1/cmss/m/n/5 ([])  
 []

[30

]
Overfull \hbox (158.91763pt too wide) in paragraph at lines 524--524
 [][]  \T1/cmss/m/n/5 ([])  
 []


Overfull \hbox (158.91763pt too wide) has occurred while \output is active
 [][]  \T1/cmss/m/n/5 ([])  
 []

[31

]
Overfull \hbox (158.91763pt too wide) in paragraph at lines 536--536
 [][]  \T1/cmss/m/n/5 ([])  
 []


Overfull \hbox (158.91763pt too wide) has occurred while \output is active
 [][]  \T1/cmss/m/n/5 ([])  
 []

[32

]
Overfull \hbox (158.91763pt too wide) in paragraph at lines 547--547
 [][]  \T1/cmss/m/n/5 ([])  
 []

<../bloco2_01_problema_e_expert.png, id=327, 1280.6244pt x 352.1958pt>
File: ../bloco2_01_problema_e_expert.png Graphic file (type png)
<use ../bloco2_01_problema_e_expert.png>
Package pdftex.def Info: ../bloco2_01_problema_e_expert.png  used on input line
 547.
(pdftex.def)             Requested size: 217.6251pt x 59.851pt.
File: ../bloco1_02_problema_d_meialua_seed42_overview.png Graphic file (type pn
g)
<use ../bloco1_02_problema_d_meialua_seed42_overview.png>
Package pdftex.def Info: ../bloco1_02_problema_d_meialua_seed42_overview.png  u
sed on input line 547.
(pdftex.def)             Requested size: 200.95023pt x 171.38034pt.

Overfull \hbox (158.91763pt too wide) has occurred while \output is active
 [][]  \T1/cmss/m/n/5 ([])  
 []

[33

 <../bloco2_01_problema_e_expert.png>]
Overfull \hbox (158.91763pt too wide) in paragraph at lines 566--566
 [][]  \T1/cmss/m/n/5 ([])  
 []

<../bloco2_01_problema_e_expert_fronteira_perito.png, id=336, 497.6994pt x 351.
714pt>
File: ../bloco2_01_problema_e_expert_fronteira_perito.png Graphic file (type pn
g)
<use ../bloco2_01_problema_e_expert_fronteira_perito.png>
Package pdftex.def Info: ../bloco2_01_problema_e_expert_fronteira_perito.png  u
sed on input line 566.
(pdftex.def)             Requested size: 195.86385pt x 138.41298pt.

Overfull \hbox (158.91763pt too wide) has occurred while \output is active
 [][]  \T1/cmss/m/n/5 ([])  
 []

[34

 <../bloco2_01_problema_e_expert_fronteira_perito.png>]
Overfull \hbox (158.91763pt too wide) in paragraph at lines 580--580
 [][]  \T1/cmss/m/n/5 ([])  
 []

File: ../bloco1_02_problema_d_meialua_seed42_overview.png Graphic file (type pn
g)
<use ../bloco1_02_problema_d_meialua_seed42_overview.png>
Package pdftex.def Info: ../bloco1_02_problema_d_meialua_seed42_overview.png  u
sed on input line 580.
(pdftex.def)             Requested size: 195.85748pt x 167.037pt.

Overfull \hbox (158.91763pt too wide) has occurred while \output is active
 [][]  \T1/cmss/m/n/5 ([])  
 []

[35

]
Overfull \hbox (158.91763pt too wide) in paragraph at lines 592--592
 [][]  \T1/cmss/m/n/5 ([])  
 []


Overfull \hbox (158.91763pt too wide) has occurred while \output is active
 [][]  \T1/cmss/m/n/5 ([])  
 []

[36

]
Overfull \hbox (158.91763pt too wide) in paragraph at lines 601--601
 [][]  \T1/cmss/m/n/5 ([])  
 []

<../bloco2_03_phase_e_strategies.png, id=359, 859.0494pt x 710.1732pt>
File: ../bloco2_03_phase_e_strategies.png Graphic file (type png)
<use ../bloco2_03_phase_e_strategies.png>
Package pdftex.def Info: ../bloco2_03_phase_e_strategies.png  used on input lin
e 601.
(pdftex.def)             Requested size: 222.11542pt x 183.62206pt.

Overfull \hbox (158.91763pt too wide) has occurred while \output is active
 [][]  \T1/cmss/m/n/5 ([])  
 []

[37

 <../bloco2_03_phase_e_strategies.png>]
Overfull \hbox (158.91763pt too wide) in paragraph at lines 610--610
 [][]  \T1/cmss/m/n/5 ([])  
 []

<../bloco2_04_phase_e_learning_curve.png, id=369, 1293.633pt x 353.1594pt>
File: ../bloco2_04_phase_e_learning_curve.png Graphic file (type png)
<use ../bloco2_04_phase_e_learning_curve.png>
Package pdftex.def Info: ../bloco2_04_phase_e_learning_curve.png  used on input
 line 610.
(pdftex.def)             Requested size: 369.95255pt x 100.99634pt.

Overfull \hbox (158.91763pt too wide) has occurred while \output is active
 [][]  \T1/cmss/m/n/5 ([])  
 []

[38

 <../bloco2_04_phase_e_learning_curve.png>]
Overfull \hbox (158.91763pt too wide) in paragraph at lines 619--619
 [][]  \T1/cmss/m/n/5 ([])  
 []

<../bloco2_05_phase_e_strategy_comparison.png, id=378, 463.0098pt x 357.0138pt>

File: ../bloco2_05_phase_e_strategy_comparison.png Graphic file (type png)
<use ../bloco2_05_phase_e_strategy_comparison.png>
Package pdftex.def Info: ../bloco2_05_phase_e_strategy_comparison.png  used on 
input line 619.
(pdftex.def)             Requested size: 238.14537pt x 183.62718pt.

Overfull \hbox (158.91763pt too wide) has occurred while \output is active
 [][]  \T1/cmss/m/n/5 ([])  
 []

[39

 <../bloco2_05_phase_e_strategy_comparison.png>]
Overfull \hbox (158.91763pt too wide) in paragraph at lines 635--635
 [][]  \T1/cmss/m/n/5 ([])  
 []


Overfull \hbox (158.91763pt too wide) has occurred while \output is active
 [][]  \T1/cmss/m/n/5 ([])  
 []

[40

]
Overfull \hbox (158.91763pt too wide) in paragraph at lines 652--652
 [][]  \T1/cmss/m/n/5 ([])  
 []


Overfull \hbox (158.91763pt too wide) has occurred while \output is active
 [][]  \T1/cmss/m/n/5 ([])  
 []

[41

]
Overfull \hbox (158.91763pt too wide) in paragraph at lines 669--669
 [][]  \T1/cmss/m/n/5 ([])  
 []

<../bloco2_06_dilution.png, id=402, 1004.0712pt x 356.532pt>
File: ../bloco2_06_dilution.png Graphic file (type png)
<use ../bloco2_06_dilution.png>
Package pdftex.def Info: ../bloco2_06_dilution.png  used on input line 669.
(pdftex.def)             Requested size: 239.38864pt x 85.00363pt.

Overfull \hbox (158.91763pt too wide) has occurred while \output is active
 [][]  \T1/cmss/m/n/5 ([])  
 []

[42

 <../bloco2_06_dilution.png>]
Overfull \hbox (158.91763pt too wide) in paragraph at lines 679--679
 [][]  \T1/cmss/m/n/5 ([])  
 []

<../bloco2_07_example_order.png, id=411, 1293.1512pt x 427.8384pt>
File: ../bloco2_07_example_order.png Graphic file (type png)
<use ../bloco2_07_example_order.png>
Package pdftex.def Info: ../bloco2_07_example_order.png  used on input line 679
.
(pdftex.def)             Requested size: 326.42438pt x 107.99733pt.

Overfull \hbox (158.91763pt too wide) has occurred while \output is active
 [][]  \T1/cmss/m/n/5 ([])  
 []

[43

 <../bloco2_07_example_order.png>]
Overfull \hbox (158.91763pt too wide) in paragraph at lines 693--693
 [][]  \T1/cmss/m/n/5 ([])  
 []

<../bloco23_external_learning_curve.png, id=421, 931.76678pt x 357.22029pt>
File: ../bloco23_external_learning_curve.png Graphic file (type png)
<use ../bloco23_external_learning_curve.png>
Package pdftex.def Info: ../bloco23_external_learning_curve.png  used on input 
line 693.
(pdftex.def)             Requested size: 217.61455pt x 83.42896pt.

Overfull \hbox (158.91763pt too wide) has occurred while \output is active
 [][]  \T1/cmss/m/n/5 ([])  
 []

[44

 <../bloco23_external_learning_curve.png>]
Overfull \hbox (158.91763pt too wide) in paragraph at lines 705--705
 [][]  \T1/cmss/m/n/5 ([])  
 []


Overfull \hbox (158.91763pt too wide) has occurred while \output is active
 [][]  \T1/cmss/m/n/5 ([])  
 []

[45

]
Overfull \hbox (158.91763pt too wide) in paragraph at lines 714--714
 [][]  \T1/cmss/m/n/5 ([])  
 []

<../bloco2_09_classical_baselines.png, id=437, 1438.173pt x 427.8384pt>
File: ../bloco2_09_classical_baselines.png Graphic file (type png)
<use ../bloco2_09_classical_baselines.png>
Package pdftex.def Info: ../bloco2_09_classical_baselines.png  used on input li
ne 714.
(pdftex.def)             Requested size: 369.96611pt x 110.06026pt.

Overfull \hbox (158.91763pt too wide) has occurred while \output is active
 [][]  \T1/cmss/m/n/5 ([])  
 []

[46

 <../bloco2_09_classical_baselines.png>]
Overfull \hbox (158.91763pt too wide) in paragraph at lines 723--723
 [][]  \T1/cmss/m/n/5 ([])  
 []

<../bloco23_external_llm_vs_perceptron.png, id=446, 1076.3068pt x 357.22029pt>
File: ../bloco23_external_llm_vs_perceptron.png Graphic file (type png)
<use ../bloco23_external_llm_vs_perceptron.png>
Package pdftex.def Info: ../bloco23_external_llm_vs_perceptron.png  used on inp
ut line 723.
(pdftex.def)             Requested size: 326.44191pt x 108.34427pt.

Overfull \hbox (158.91763pt too wide) has occurred while \output is active
 [][]  \T1/cmss/m/n/5 ([])  
 []

[47

 <../bloco23_external_llm_vs_perceptron.png>]
Overfull \hbox (158.91763pt too wide) in paragraph at lines 734--734
 [][]  \T1/cmss/m/n/5 ([])  
 []


Overfull \hbox (158.91763pt too wide) has occurred while \output is active
 [][]  \T1/cmss/m/n/5 ([])  
 []

[48

]
Overfull \hbox (158.91763pt too wide) in paragraph at lines 746--746
 [][]  \T1/cmss/m/n/5 ([])  
 []


Overfull \hbox (158.91763pt too wide) has occurred while \output is active
 [][]  \T1/cmss/m/n/5 ([])  
 []

[49

]
Overfull \hbox (158.91763pt too wide) in paragraph at lines 765--765
 [][]  \T1/cmss/m/n/5 ([])  
 []

<../bloco3_01_peso_altura_overview.png, id=470, 498.14679pt x 424.84436pt>
File: ../bloco3_01_peso_altura_overview.png Graphic file (type png)
<use ../bloco3_01_peso_altura_overview.png>
Package pdftex.def Info: ../bloco3_01_peso_altura_overview.png  used on input l
ine 765.
(pdftex.def)             Requested size: 195.85748pt x 167.037pt.

Overfull \hbox (158.91763pt too wide) has occurred while \output is active
 [][]  \T1/cmss/m/n/5 ([])  
 []

[50

 <../bloco3_01_peso_altura_overview.png>]
Overfull \hbox (158.91763pt too wide) in paragraph at lines 776--776
 [][]  \T1/cmss/m/n/5 ([])  
 []


Overfull \hbox (158.91763pt too wide) has occurred while \output is active
 [][]  \T1/cmss/m/n/5 ([])  
 []

[51

]
Overfull \hbox (158.91763pt too wide) in paragraph at lines 791--791
 [][]  \T1/cmss/m/n/5 ([])  
 []


Overfull \hbox (158.91763pt too wide) has occurred while \output is active
 [][]  \T1/cmss/m/n/5 ([])  
 []

[52

]
Overfull \hbox (158.91763pt too wide) in paragraph at lines 800--800
 [][]  \T1/cmss/m/n/5 ([])  
 []

File: ../bloco23_external_features_comparison.png Graphic file (type png)
<use ../bloco23_external_features_comparison.png>
Package pdftex.def Info: ../bloco23_external_features_comparison.png  used on i
nput line 800.
(pdftex.def)             Requested size: 257.13516pt x 171.382pt.

Overfull \hbox (158.91763pt too wide) has occurred while \output is active
 [][]  \T1/cmss/m/n/5 ([])  
 []

[53

]
Overfull \hbox (158.91763pt too wide) in paragraph at lines 816--816
 [][]  \T1/cmss/m/n/5 ([])  
 []


Overfull \hbox (158.91763pt too wide) has occurred while \output is active
 [][]  \T1/cmss/m/n/5 ([])  
 []

[54

]
Overfull \hbox (158.91763pt too wide) in paragraph at lines 831--831
 [][]  \T1/cmss/m/n/5 ([])  
 []


Overfull \hbox (158.91763pt too wide) has occurred while \output is active
 [][]  \T1/cmss/m/n/5 ([])  
 []

[55

]
Overfull \hbox (158.91763pt too wide) in paragraph at lines 840--840
 [][]  \T1/cmss/m/n/5 ([])  
 []


Overfull \hbox (158.91763pt too wide) has occurred while \output is active
 [][]  \T1/cmss/m/n/5 ([])  
 []

[56

]
Overfull \hbox (158.91763pt too wide) in paragraph at lines 849--849
 [][]  \T1/cmss/m/n/5 ([])  
 []

File: ../bloco23_external_learning_curve.png Graphic file (type png)
<use ../bloco23_external_learning_curve.png>
Package pdftex.def Info: ../bloco23_external_learning_curve.png  used on input 
line 849.
(pdftex.def)             Requested size: 348.20319pt x 133.49396pt.

Overfull \hbox (158.91763pt too wide) has occurred while \output is active
 [][]  \T1/cmss/m/n/5 ([])  
 []

[57

]
Overfull \hbox (158.91763pt too wide) in paragraph at lines 858--858
 [][]  \T1/cmss/m/n/5 ([])  
 []

File: ../bloco23_external_llm_vs_perceptron.png Graphic file (type png)
<use ../bloco23_external_llm_vs_perceptron.png>
Package pdftex.def Info: ../bloco23_external_llm_vs_perceptron.png  used on inp
ut line 858.
(pdftex.def)             Requested size: 326.44191pt x 108.34427pt.

Overfull \hbox (158.91763pt too wide) has occurred while \output is active
 [][]  \T1/cmss/m/n/5 ([])  
 []

[58

]
Overfull \hbox (158.91763pt too wide) in paragraph at lines 876--876
 [][]  \T1/cmss/m/n/5 ([])  
 []


Overfull \hbox (158.91763pt too wide) has occurred while \output is active
 [][]  \T1/cmss/m/n/5 ([])  
 []

[59

]
Overfull \hbox (158.91763pt too wide) in paragraph at lines 887--887
 [][]  \T1/cmss/m/n/5 ([])  
 []

<../final_08_llm_labels_seed42_peso_altura_5.png, id=544, 1293.11679pt x 356.70
407pt>
File: ../final_08_llm_labels_seed42_peso_altura_5.png Graphic file (type png)
<use ../final_08_llm_labels_seed42_peso_altura_5.png>
Package pdftex.def Info: ../final_08_llm_labels_seed42_peso_altura_5.png  used 
on input line 887.
(pdftex.def)             Requested size: 195.8607pt x 54.0258pt.
<../final_08_llm_labels_seed42_x1_x2_5.png, id=545, 1293.633pt x 356.70407pt>
File: ../final_08_llm_labels_seed42_x1_x2_5.png Graphic file (type png)
<use ../final_08_llm_labels_seed42_x1_x2_5.png>
Package pdftex.def Info: ../final_08_llm_labels_seed42_x1_x2_5.png  used on inp
ut line 887.
(pdftex.def)             Requested size: 195.8607pt x 54.00404pt.

Overfull \hbox (158.91763pt too wide) has occurred while \output is active
 [][]  \T1/cmss/m/n/5 ([])  
 []

[60

 <../final_08_llm_labels_seed42_peso_altura_5.png> <../final_08_llm_labels_seed
42_x1_x2_5.png>]
Overfull \hbox (158.91763pt too wide) in paragraph at lines 898--898
 [][]  \T1/cmss/m/n/5 ([])  
 []


Overfull \hbox (158.91763pt too wide) has occurred while \output is active
 [][]  \T1/cmss/m/n/5 ([])  
 []

[61

]
Overfull \hbox (158.91763pt too wide) in paragraph at lines 920--920
 [][]  \T1/cmss/m/n/5 ([])  
 []


Overfull \hbox (158.91763pt too wide) has occurred while \output is active
 [][]  \T1/cmss/m/n/5 ([])  
 []

[62

]
Overfull \hbox (158.91763pt too wide) in paragraph at lines 934--934
 [][]  \T1/cmss/m/n/5 ([])  
 []


Overfull \hbox (158.91763pt too wide) has occurred while \output is active
 [][]  \T1/cmss/m/n/5 ([])  
 []

[63

]
Overfull \hbox (158.91763pt too wide) in paragraph at lines 953--953
 [][]  \T1/cmss/m/n/5 ([])  
 []


Overfull \hbox (158.91763pt too wide) has occurred while \output is active
 [][]  \T1/cmss/m/n/5 ([])  
 []

[64

]
Overfull \hbox (158.91763pt too wide) in paragraph at lines 963--963
 [][]  \T1/cmss/m/n/5 ([])  
 []


Overfull \hbox (158.91763pt too wide) has occurred while \output is active
 [][]  \T1/cmss/m/n/5 ([])  
 []

[65

]
Overfull \hbox (158.91763pt too wide) in paragraph at lines 981--981
 [][]  \T1/cmss/m/n/5 ([])  
 []


Overfull \hbox (158.91763pt too wide) has occurred while \output is active
 [][]  \T1/cmss/m/n/5 ([])  
 []

[66

]
Overfull \hbox (158.91763pt too wide) in paragraph at lines 993--993
 [][]  \T1/cmss/m/n/5 ([])  
 []


Overfull \hbox (158.91763pt too wide) has occurred while \output is active
 [][]  \T1/cmss/m/n/5 ([])  
 []

[67

]
Overfull \hbox (158.91763pt too wide) in paragraph at lines 1005--1005
 [][]  \T1/cmss/m/n/5 ([])  
 []


Overfull \hbox (158.91763pt too wide) has occurred while \output is active
 [][]  \T1/cmss/m/n/5 ([])  
 []

[68

]
Overfull \hbox (158.91763pt too wide) in paragraph at lines 1017--1017
 [][]  \T1/cmss/m/n/5 ([])  
 []


Overfull \hbox (158.91763pt too wide) has occurred while \output is active
 [][]  \T1/cmss/m/n/5 ([])  
 []

[69

]
Overfull \hbox (158.91763pt too wide) in paragraph at lines 1033--1033
 [][]  \T1/cmss/m/n/5 ([])  
 []


Overfull \hbox (158.91763pt too wide) has occurred while \output is active
 [][]  \T1/cmss/m/n/5 ([])  
 []

[70

]
Overfull \hbox (158.91763pt too wide) in paragraph at lines 1043--1043
 [][]  \T1/cmss/m/n/5 ([])  
 []


Overfull \hbox (158.91763pt too wide) has occurred while \output is active
 [][]  \T1/cmss/m/n/5 ([])  
 []

[71

]
Overfull \hbox (158.91763pt too wide) in paragraph at lines 1058--1058
 [][]  \T1/cmss/m/n/5 ([])  
 []


Overfull \hbox (158.91763pt too wide) has occurred while \output is active
 [][]  \T1/cmss/m/n/5 ([])  
 []

[72

]
Overfull \hbox (158.91763pt too wide) in paragraph at lines 1065--1065
 [][]  \T1/cmss/m/n/5 ([])  
 []


Overfull \hbox (158.91763pt too wide) has occurred while \output is active
 [][]  \T1/cmss/m/n/5 ([])  
 []

[73

]
Overfull \hbox (158.91763pt too wide) in paragraph at lines 1084--1084
 [][]  \T1/cmss/m/n/5 ([])  
 []


Overfull \hbox (158.91763pt too wide) has occurred while \output is active
 [][]  \T1/cmss/m/n/5 ([])  
 []

[74

]
Overfull \hbox (158.91763pt too wide) in paragraph at lines 1098--1098
 [][]  \T1/cmss/m/n/5 ([])  
 []


Overfull \hbox (158.91763pt too wide) has occurred while \output is active
 [][]  \T1/cmss/m/n/5 ([])  
 []

[75

]
Overfull \hbox (158.91763pt too wide) in paragraph at lines 1109--1109
 [][]  \T1/cmss/m/n/5 ([])  
 []


Overfull \hbox (158.91763pt too wide) has occurred while \output is active
 [][]  \T1/cmss/m/n/5 ([])  
 []

[76

]
Overfull \hbox (158.91763pt too wide) in paragraph at lines 1121--1121
 [][]  \T1/cmss/m/n/5 ([])  
 []


Overfull \hbox (158.91763pt too wide) has occurred while \output is active
 [][]  \T1/cmss/m/n/5 ([])  
 []

[77

]
Overfull \hbox (158.91763pt too wide) in paragraph at lines 1132--1132
 [][]  \T1/cmss/m/n/5 ([])  
 []


Overfull \hbox (158.91763pt too wide) has occurred while \output is active
 [][]  \T1/cmss/m/n/5 ([])  
 []

[78

]
Overfull \hbox (158.91763pt too wide) in paragraph at lines 1143--1143
 [][]  \T1/cmss/m/n/5 ([])  
 []


Overfull \hbox (158.91763pt too wide) has occurred while \output is active
 [][]  \T1/cmss/m/n/5 ([])  
 []

[79

]
Overfull \hbox (158.91763pt too wide) in paragraph at lines 1154--1154
 [][]  \T1/cmss/m/n/5 ([])  
 []

<../final_10_gamma_convergence.png, id=694, 931.8012pt x 357.0138pt>
File: ../final_10_gamma_convergence.png Graphic file (type png)
<use ../final_10_gamma_convergence.png>
Package pdftex.def Info: ../final_10_gamma_convergence.png  used on input line 
1154.
(pdftex.def)             Requested size: 351.45778pt x 134.65884pt.

Overfull \hbox (158.91763pt too wide) has occurred while \output is active
 [][]  \T1/cmss/m/n/5 ([])  
 []

[80

 <../final_10_gamma_convergence.png>]
Overfull \hbox (158.91763pt too wide) in paragraph at lines 1165--1165
 [][]  \T1/cmss/m/n/5 ([])  
 []


Overfull \hbox (158.91763pt too wide) has occurred while \output is active
 [][]  \T1/cmss/m/n/5 ([])  
 []

[81

]
\tf@nav=\write6
\openout6 = `apresentacao.nav'.

\tf@toc=\write7
\openout7 = `apresentacao.toc'.

\tf@snm=\write8
\openout8 = `apresentacao.snm'.

 (./apresentacao.aux)
 ***********
LaTeX2e <2025-11-01>
L3 programming layer <2026-01-19>
 ***********


Package rerunfilecheck Warning: File `apresentacao.out' has changed.
(rerunfilecheck)                Rerun to get outlines right
(rerunfilecheck)                or use package `bookmark'.

Package rerunfilecheck Info: Checksums for `apresentacao.out':
(rerunfilecheck)             Before: <no file>
(rerunfilecheck)             After:  D41D8CD98F00B204E9800998ECF8427E;0.
 ) 
Here is how much of TeX's memory you used:
 30670 strings out of 467525
 659782 string characters out of 5418983
 996382 words of memory out of 5000000
 58875 multiletter control sequences out of 15000+600000
 650740 words of font info for 92 fonts, out of 8000000 for 9000
 1141 hyphenation exceptions out of 8191
 128i,15n,123p,414b,1050s stack positions out of 10000i,1000n,20000p,200000b,200000s
</usr/local/texlive/2026/texmf-dist/fonts/type1/public/amsfonts/cmextra/cmex7
.pfb></usr/local/texlive/2026/texmf-dist/fonts/type1/public/amsfonts/cmextra/cm
ex8.pfb></usr/local/texlive/2026/texmf-dist/fonts/type1/public/amsfonts/cm/cmmi
12.pfb></usr/local/texlive/2026/texmf-dist/fonts/type1/public/amsfonts/cm/cmmi5
.pfb></usr/local/texlive/2026/texmf-dist/fonts/type1/public/amsfonts/cm/cmmi7.p
fb></usr/local/texlive/2026/texmf-dist/fonts/type1/public/amsfonts/cm/cmmi8.pfb
></usr/local/texlive/2026/texmf-dist/fonts/type1/public/amsfonts/cm/cmss8.pfb><
/usr/local/texlive/2026/texmf-dist/fonts/type1/public/amsfonts/cm/cmssi12.pfb><
/usr/local/texlive/2026/texmf-dist/fonts/type1/public/amsfonts/cm/cmssi8.pfb></
usr/local/texlive/2026/texmf-dist/fonts/type1/public/amsfonts/cm/cmsy10.pfb></u
sr/local/texlive/2026/texmf-dist/fonts/type1/public/amsfonts/cm/cmsy5.pfb></usr
/local/texlive/2026/texmf-dist/fonts/type1/public/amsfonts/cm/cmsy7.pfb></usr/l
ocal/texlive/2026/texmf-dist/fonts/type1/public/amsfonts/cm/cmsy8.pfb></usr/loc
al/texlive/2026/texmf-dist/fonts/type1/public/amsfonts/symbols/msam7.pfb></usr/
local/texlive/2026/texmf-dist/fonts/type1/public/cm-super/sfsi0500.pfb></usr/lo
cal/texlive/2026/texmf-dist/fonts/type1/public/cm-super/sfsi0700.pfb></usr/loca
l/texlive/2026/texmf-dist/fonts/type1/public/cm-super/sfsi0800.pfb></usr/local/
texlive/2026/texmf-dist/fonts/type1/public/cm-super/sfss0500.pfb></usr/local/te
xlive/2026/texmf-dist/fonts/type1/public/cm-super/sfss0600.pfb></usr/local/texl
ive/2026/texmf-dist/fonts/type1/public/cm-super/sfss0700.pfb></usr/local/texliv
e/2026/texmf-dist/fonts/type1/public/cm-super/sfss0800.pfb></usr/local/texlive/
2026/texmf-dist/fonts/type1/public/cm-super/sfss1000.pfb></usr/local/texlive/20
26/texmf-dist/fonts/type1/public/cm-super/sfss1200.pfb></usr/local/texlive/2026
/texmf-dist/fonts/type1/public/cm-super/sfss1440.pfb></usr/local/texlive/2026/t
exmf-dist/fonts/type1/public/cm-super/sfsx0500.pfb></usr/local/texlive/2026/tex
mf-dist/fonts/type1/public/cm-super/sfsx0600.pfb></usr/local/texlive/2026/texmf
-dist/fonts/type1/public/cm-super/sfsx0700.pfb></usr/local/texlive/2026/texmf-d
ist/fonts/type1/public/cm-super/sfsx0800.pfb></usr/local/texlive/2026/texmf-dis
t/fonts/type1/public/cm-super/sfsx1200.pfb></usr/local/texlive/2026/texmf-dist/
fonts/type1/public/cm-super/sfsx1440.pfb></usr/local/texlive/2026/texmf-dist/fo
nts/type1/public/cm-super/sftt0800.pfb>
Output written on apresentacao.pdf (81 pages, 4065873 bytes).
PDF statistics:
 876 PDF objects out of 1000 (max. 8388607)
 566 compressed objects within 6 object streams
 163 named destinations out of 1000 (max. 500000)
 240 words of extra memory for PDF output out of 10000 (max. 10000000)

