This is pdfTeX, Version 3.141592653-2.6-1.40.29 (TeX Live 2026) (preloaded format=pdflatex 2026.4.6)  14 MAY 2026 13:06
entering extended mode
 restricted \write18 enabled.
 %&-line parsing enabled.
**apresentacao.tex
(./apresentacao.tex
LaTeX2e <2025-11-01>
L3 programming layer <2026-01-19>
(/usr/local/texlive/2026/texmf-dist/tex/latex/beamer/beamer.cls
Document Class: beamer 2026/01/22 v3.77 A class for typesetting presentations
(/usr/local/texlive/2026/texmf-dist/tex/latex/beamer/beamerbasemodes.sty
(/usr/local/texlive/2026/texmf-dist/tex/latex/etoolbox/etoolbox.sty
Package: etoolbox 2025/10/02 v2.5m e-TeX tools for LaTeX (JAW)
\etb@tempcnta=\count275
)
\beamer@tempbox=\box53
\beamer@tempcount=\count276
\c@beamerpauses=\count277

(/usr/local/texlive/2026/texmf-dist/tex/latex/beamer/beamerbasedecode.sty
\beamer@slideinframe=\count278
\beamer@minimum=\count279
\beamer@decode@box=\box54
)
\beamer@commentbox=\box55
\beamer@modecount=\count280
)
(/usr/local/texlive/2026/texmf-dist/tex/generic/iftex/iftex.sty
Package: iftex 2024/12/12 v1.0g TeX engine tests
)
\headdp=\dimen148
\footheight=\dimen149
\sidebarheight=\dimen150
\beamer@tempdim=\dimen151
\beamer@finalheight=\dimen152
\beamer@animht=\dimen153
\beamer@animdp=\dimen154
\beamer@animwd=\dimen155
\beamer@leftmargin=\dimen156
\beamer@rightmargin=\dimen157
\beamer@leftsidebar=\dimen158
\beamer@rightsidebar=\dimen159
\beamer@boxsize=\dimen160
\beamer@vboxoffset=\dimen161
\beamer@descdefault=\dimen162
\beamer@descriptionwidth=\dimen163
\beamer@lastskip=\skip49
\beamer@areabox=\box56
\beamer@animcurrent=\box57
\beamer@animshowbox=\box58
\beamer@sectionbox=\box59
\beamer@logobox=\box60
\beamer@linebox=\box61
\beamer@sectioncount=\count281
\beamer@subsubsectionmax=\count282
\beamer@subsectionmax=\count283
\beamer@sectionmax=\count284
\beamer@totalheads=\count285
\beamer@headcounter=\count286
\beamer@partstartpage=\count287
\beamer@sectionstartpage=\count288
\beamer@subsectionstartpage=\count289
\beamer@animationtempa=\count290
\beamer@animationtempb=\count291
\beamer@xpos=\count292
\beamer@ypos=\count293
\beamer@ypos@offset=\count294
\beamer@showpartnumber=\count295
\beamer@currentsubsection=\count296
\beamer@coveringdepth=\count297
\beamer@sectionadjust=\count298
\beamer@toclastsection=\count299
\beamer@tocsectionnumber=\count300

(/usr/local/texlive/2026/texmf-dist/tex/latex/beamer/beamerbaseoptions.sty
(/usr/local/texlive/2026/texmf-dist/tex/latex/graphics/keyval.sty
Package: keyval 2022/05/29 v1.15 key=value parser (DPC)
\KV@toks@=\toks17
))
\beamer@paperwidth=\skip50
\beamer@paperheight=\skip51

(/usr/local/texlive/2026/texmf-dist/tex/latex/geometry/geometry.sty
Package: geometry 2026/03/07 v6.0 Page Geometry

(/usr/local/texlive/2026/texmf-dist/tex/generic/iftex/ifvtex.sty
Package: ifvtex 2019/10/25 v1.7 ifvtex legacy package. Use iftex instead.
)
\Gm@cnth=\count301
\Gm@cntv=\count302
\c@Gm@tempcnt=\count303
\Gm@bindingoffset=\dimen164
\Gm@wd@mp=\dimen165
\Gm@odd@mp=\dimen166
\Gm@even@mp=\dimen167
\Gm@layoutwidth=\dimen168
\Gm@layoutheight=\dimen169
\Gm@layouthoffset=\dimen170
\Gm@layoutvoffset=\dimen171
\Gm@dimlist=\toks18
)
(/usr/local/texlive/2026/texmf-dist/tex/latex/pgf/math/pgfmath.sty
(/usr/local/texlive/2026/texmf-dist/tex/latex/pgf/utilities/pgfrcs.sty
(/usr/local/texlive/2026/texmf-dist/tex/generic/pgf/utilities/pgfutil-common.te
x
\pgfutil@everybye=\toks19
\pgfutil@tempdima=\dimen172
\pgfutil@tempdimb=\dimen173
)
(/usr/local/texlive/2026/texmf-dist/tex/generic/pgf/utilities/pgfutil-latex.def
\pgfutil@abb=\box62
) (/usr/local/texlive/2026/texmf-dist/tex/generic/pgf/utilities/pgfrcs.code.tex
(/usr/local/texlive/2026/texmf-dist/tex/generic/pgf/pgf.revision.tex)
Package: pgfrcs 2025-08-29 v3.1.11a (3.1.11a)
))
(/usr/local/texlive/2026/texmf-dist/tex/latex/pgf/utilities/pgfkeys.sty
(/usr/local/texlive/2026/texmf-dist/tex/generic/pgf/utilities/pgfkeys.code.tex
\pgfkeys@pathtoks=\toks20
\pgfkeys@temptoks=\toks21

(/usr/local/texlive/2026/texmf-dist/tex/generic/pgf/utilities/pgfkeyslibraryfil
tered.code.tex
\pgfkeys@tmptoks=\toks22
)))
(/usr/local/texlive/2026/texmf-dist/tex/generic/pgf/math/pgfmath.code.tex
(/usr/local/texlive/2026/texmf-dist/tex/generic/pgf/math/pgfmathutil.code.tex
\pgf@x=\dimen174
\pgf@xa=\dimen175
\pgf@xb=\dimen176
\pgf@xc=\dimen177
\pgf@y=\dimen178
\pgf@ya=\dimen179
\pgf@yb=\dimen180
\pgf@yc=\dimen181
\c@pgf@counta=\count304
\c@pgf@countb=\count305
\c@pgf@countc=\count306
\c@pgf@countd=\count307
)
(/usr/local/texlive/2026/texmf-dist/tex/generic/pgf/math/pgfmathparser.code.tex
\pgfmath@dimen=\dimen182
\pgfmath@count=\count308
\pgfmath@box=\box63
\pgfmath@toks=\toks23
\pgfmath@stack@operand=\toks24
\pgfmath@stack@operation=\toks25
)
(/usr/local/texlive/2026/texmf-dist/tex/generic/pgf/math/pgfmathfunctions.code.
tex)
(/usr/local/texlive/2026/texmf-dist/tex/generic/pgf/math/pgfmathfunctions.basic
.code.tex)
(/usr/local/texlive/2026/texmf-dist/tex/generic/pgf/math/pgfmathfunctions.trigo
nometric.code.tex)
(/usr/local/texlive/2026/texmf-dist/tex/generic/pgf/math/pgfmathfunctions.rando
m.code.tex)
(/usr/local/texlive/2026/texmf-dist/tex/generic/pgf/math/pgfmathfunctions.compa
rison.code.tex)
(/usr/local/texlive/2026/texmf-dist/tex/generic/pgf/math/pgfmathfunctions.base.
code.tex)
(/usr/local/texlive/2026/texmf-dist/tex/generic/pgf/math/pgfmathfunctions.round
.code.tex)
(/usr/local/texlive/2026/texmf-dist/tex/generic/pgf/math/pgfmathfunctions.misc.
code.tex)
(/usr/local/texlive/2026/texmf-dist/tex/generic/pgf/math/pgfmathfunctions.integ
erarithmetics.code.tex)
(/usr/local/texlive/2026/texmf-dist/tex/generic/pgf/math/pgfmathcalc.code.tex)
(/usr/local/texlive/2026/texmf-dist/tex/generic/pgf/math/pgfmathfloat.code.tex
\c@pgfmathroundto@lastzeros=\count309
))) (/usr/local/texlive/2026/texmf-dist/tex/latex/base/size10.clo
File: size10.clo 2025/01/22 v1.4n Standard LaTeX file (size option)
)
(/usr/local/texlive/2026/texmf-dist/tex/latex/pgf/basiclayer/pgfcore.sty
(/usr/local/texlive/2026/texmf-dist/tex/latex/graphics/graphicx.sty
Package: graphicx 2024/12/31 v1.2e Enhanced LaTeX Graphics (DPC,SPQR)

(/usr/local/texlive/2026/texmf-dist/tex/latex/graphics/graphics.sty
Package: graphics 2024/08/06 v1.4g Standard LaTeX Graphics (DPC,SPQR)

(/usr/local/texlive/2026/texmf-dist/tex/latex/graphics/trig.sty
Package: trig 2023/12/02 v1.11 sin cos tan (DPC)
)
(/usr/local/texlive/2026/texmf-dist/tex/latex/graphics-cfg/graphics.cfg
File: graphics.cfg 2016/06/04 v1.11 sample graphics configuration
)
Package graphics Info: Driver file: pdftex.def on input line 106.

(/usr/local/texlive/2026/texmf-dist/tex/latex/graphics-def/pdftex.def
File: pdftex.def 2025/09/29 v1.2d Graphics/color driver for pdftex
))
\Gin@req@height=\dimen183
\Gin@req@width=\dimen184
)
(/usr/local/texlive/2026/texmf-dist/tex/latex/pgf/systemlayer/pgfsys.sty
(/usr/local/texlive/2026/texmf-dist/tex/generic/pgf/systemlayer/pgfsys.code.tex
Package: pgfsys 2025-08-29 v3.1.11a (3.1.11a)
\pgf@x=\dimen185
\pgf@y=\dimen186
\pgf@xa=\dimen187
\pgf@ya=\dimen188
\pgf@xb=\dimen189
\pgf@yb=\dimen190
\pgf@xc=\dimen191
\pgf@yc=\dimen192
\pgf@xd=\dimen193
\pgf@yd=\dimen194
\w@pgf@writea=\write3
\r@pgf@reada=\read2
\c@pgf@counta=\count310
\c@pgf@countb=\count311
\c@pgf@countc=\count312
\c@pgf@countd=\count313
\t@pgf@toka=\toks26
\t@pgf@tokb=\toks27
\t@pgf@tokc=\toks28
\pgf@sys@id@count=\count314
(/usr/local/texlive/2026/texmf-dist/tex/generic/pgf/systemlayer/pgf.cfg
File: pgf.cfg 2025-08-29 v3.1.11a (3.1.11a)
)
Driver file for pgf: pgfsys-pdftex.def

(/usr/local/texlive/2026/texmf-dist/tex/generic/pgf/systemlayer/pgfsys-pdftex.d
ef
File: pgfsys-pdftex.def 2025-08-29 v3.1.11a (3.1.11a)

(/usr/local/texlive/2026/texmf-dist/tex/generic/pgf/systemlayer/pgfsys-common-p
df.def
File: pgfsys-common-pdf.def 2025-08-29 v3.1.11a (3.1.11a)
)))
(/usr/local/texlive/2026/texmf-dist/tex/generic/pgf/systemlayer/pgfsyssoftpath.
code.tex
File: pgfsyssoftpath.code.tex 2025-08-29 v3.1.11a (3.1.11a)
\pgfsyssoftpath@smallbuffer@items=\count315
\pgfsyssoftpath@bigbuffer@items=\count316
)
(/usr/local/texlive/2026/texmf-dist/tex/generic/pgf/systemlayer/pgfsysprotocol.
code.tex
File: pgfsysprotocol.code.tex 2025-08-29 v3.1.11a (3.1.11a)
)) (/usr/local/texlive/2026/texmf-dist/tex/latex/xcolor/xcolor.sty
Package: xcolor 2024/09/29 v3.02 LaTeX color extensions (UK)

(/usr/local/texlive/2026/texmf-dist/tex/latex/graphics-cfg/color.cfg
File: color.cfg 2016/01/02 v1.6 sample color configuration
)
Package xcolor Info: Driver file: pdftex.def on input line 274.

(/usr/local/texlive/2026/texmf-dist/tex/latex/graphics/mathcolor.ltx)
Package xcolor Info: Model `cmy' substituted by `cmy0' on input line 1349.
Package xcolor Info: Model `hsb' substituted by `rgb' on input line 1353.
Package xcolor Info: Model `RGB' extended on input line 1365.
Package xcolor Info: Model `HTML' substituted by `rgb' on input line 1367.
Package xcolor Info: Model `Hsb' substituted by `hsb' on input line 1368.
Package xcolor Info: Model `tHsb' substituted by `hsb' on input line 1369.
Package xcolor Info: Model `HSB' substituted by `hsb' on input line 1370.
Package xcolor Info: Model `Gray' substituted by `gray' on input line 1371.
Package xcolor Info: Model `wave' substituted by `hsb' on input line 1372.
)
(/usr/local/texlive/2026/texmf-dist/tex/generic/pgf/basiclayer/pgfcore.code.tex
Package: pgfcore 2025-08-29 v3.1.11a (3.1.11a)
(/usr/local/texlive/2026/texmf-dist/tex/generic/pgf/math/pgfint.code.tex)
(/usr/local/texlive/2026/texmf-dist/tex/generic/pgf/basiclayer/pgfcorepoints.co
de.tex
File: pgfcorepoints.code.tex 2025-08-29 v3.1.11a (3.1.11a)
\pgf@picminx=\dimen195
\pgf@picmaxx=\dimen196
\pgf@picminy=\dimen197
\pgf@picmaxy=\dimen198
\pgf@pathminx=\dimen199
\pgf@pathmaxx=\dimen256
\pgf@pathminy=\dimen257
\pgf@pathmaxy=\dimen258
\pgf@xx=\dimen259
\pgf@xy=\dimen260
\pgf@yx=\dimen261
\pgf@yy=\dimen262
\pgf@zx=\dimen263
\pgf@zy=\dimen264
)
(/usr/local/texlive/2026/texmf-dist/tex/generic/pgf/basiclayer/pgfcorepathconst
ruct.code.tex
File: pgfcorepathconstruct.code.tex 2025-08-29 v3.1.11a (3.1.11a)
\pgf@path@lastx=\dimen265
\pgf@path@lasty=\dimen266
)
(/usr/local/texlive/2026/texmf-dist/tex/generic/pgf/basiclayer/pgfcorepathusage
.code.tex
File: pgfcorepathusage.code.tex 2025-08-29 v3.1.11a (3.1.11a)
\pgf@shorten@end@additional=\dimen267
\pgf@shorten@start@additional=\dimen268
)
(/usr/local/texlive/2026/texmf-dist/tex/generic/pgf/basiclayer/pgfcorescopes.co
de.tex
File: pgfcorescopes.code.tex 2025-08-29 v3.1.11a (3.1.11a)
\pgfpic=\box64
\pgf@hbox=\box65
\pgf@layerbox@main=\box66
\pgf@picture@serial@count=\count317
)
(/usr/local/texlive/2026/texmf-dist/tex/generic/pgf/basiclayer/pgfcoregraphicst
ate.code.tex
File: pgfcoregraphicstate.code.tex 2025-08-29 v3.1.11a (3.1.11a)
\pgflinewidth=\dimen269
)
(/usr/local/texlive/2026/texmf-dist/tex/generic/pgf/basiclayer/pgfcoretransform
ations.code.tex
File: pgfcoretransformations.code.tex 2025-08-29 v3.1.11a (3.1.11a)
\pgf@pt@x=\dimen270
\pgf@pt@y=\dimen271
\pgf@pt@temp=\dimen272
)
(/usr/local/texlive/2026/texmf-dist/tex/generic/pgf/basiclayer/pgfcorequick.cod
e.tex
File: pgfcorequick.code.tex 2025-08-29 v3.1.11a (3.1.11a)
)
(/usr/local/texlive/2026/texmf-dist/tex/generic/pgf/basiclayer/pgfcoreobjects.c
ode.tex
File: pgfcoreobjects.code.tex 2025-08-29 v3.1.11a (3.1.11a)
)
(/usr/local/texlive/2026/texmf-dist/tex/generic/pgf/basiclayer/pgfcorepathproce
ssing.code.tex
File: pgfcorepathprocessing.code.tex 2025-08-29 v3.1.11a (3.1.11a)
)
(/usr/local/texlive/2026/texmf-dist/tex/generic/pgf/basiclayer/pgfcorearrows.co
de.tex
File: pgfcorearrows.code.tex 2025-08-29 v3.1.11a (3.1.11a)
\pgfarrowsep=\dimen273
)
(/usr/local/texlive/2026/texmf-dist/tex/generic/pgf/basiclayer/pgfcoreshade.cod
e.tex
File: pgfcoreshade.code.tex 2025-08-29 v3.1.11a (3.1.11a)
\pgf@max=\dimen274
\pgf@sys@shading@range@num=\count318
\pgf@shadingcount=\count319
)
(/usr/local/texlive/2026/texmf-dist/tex/generic/pgf/basiclayer/pgfcoreimage.cod
e.tex
File: pgfcoreimage.code.tex 2025-08-29 v3.1.11a (3.1.11a)
)
(/usr/local/texlive/2026/texmf-dist/tex/generic/pgf/basiclayer/pgfcoreexternal.
code.tex
File: pgfcoreexternal.code.tex 2025-08-29 v3.1.11a (3.1.11a)
\pgfexternal@startupbox=\box67
)
(/usr/local/texlive/2026/texmf-dist/tex/generic/pgf/basiclayer/pgfcorelayers.co
de.tex
File: pgfcorelayers.code.tex 2025-08-29 v3.1.11a (3.1.11a)
)
(/usr/local/texlive/2026/texmf-dist/tex/generic/pgf/basiclayer/pgfcoretranspare
ncy.code.tex
File: pgfcoretransparency.code.tex 2025-08-29 v3.1.11a (3.1.11a)
)
(/usr/local/texlive/2026/texmf-dist/tex/generic/pgf/basiclayer/pgfcorepatterns.
code.tex
File: pgfcorepatterns.code.tex 2025-08-29 v3.1.11a (3.1.11a)
)
(/usr/local/texlive/2026/texmf-dist/tex/generic/pgf/basiclayer/pgfcorerdf.code.
tex
File: pgfcorerdf.code.tex 2025-08-29 v3.1.11a (3.1.11a)
))) (/usr/local/texlive/2026/texmf-dist/tex/latex/pgf/utilities/xxcolor.sty
Package: xxcolor 2003/10/24 ver 0.1
\XC@nummixins=\count320
\XC@countmixins=\count321
) (/usr/local/texlive/2026/texmf-dist/tex/latex/base/atbegshi-ltx.sty
Package: atbegshi-ltx 2021/01/10 v1.0c Emulation of the original atbegshi
package with kernel methods
)
(/usr/local/texlive/2026/texmf-dist/tex/latex/hyperref/hyperref.sty
Package: hyperref 2026-01-29 v7.01p Hypertext links for LaTeX

(/usr/local/texlive/2026/texmf-dist/tex/latex/kvsetkeys/kvsetkeys.sty
Package: kvsetkeys 2022-10-05 v1.19 Key value parser (HO)
)
(/usr/local/texlive/2026/texmf-dist/tex/generic/kvdefinekeys/kvdefinekeys.sty
Package: kvdefinekeys 2019-12-19 v1.6 Define keys (HO)
)
(/usr/local/texlive/2026/texmf-dist/tex/generic/pdfescape/pdfescape.sty
Package: pdfescape 2019/12/09 v1.15 Implements pdfTeX's escape features (HO)

(/usr/local/texlive/2026/texmf-dist/tex/generic/ltxcmds/ltxcmds.sty
Package: ltxcmds 2023-12-04 v1.26 LaTeX kernel commands for general use (HO)
)
(/usr/local/texlive/2026/texmf-dist/tex/generic/pdftexcmds/pdftexcmds.sty
Package: pdftexcmds 2020-06-27 v0.33 Utility functions of pdfTeX for LuaTeX (HO
)

(/usr/local/texlive/2026/texmf-dist/tex/generic/infwarerr/infwarerr.sty
Package: infwarerr 2019/12/03 v1.5 Providing info/warning/error messages (HO)
)
Package pdftexcmds Info: \pdf@primitive is available.
Package pdftexcmds Info: \pdf@ifprimitive is available.
Package pdftexcmds Info: \pdfdraftmode found.
))
(/usr/local/texlive/2026/texmf-dist/tex/latex/hycolor/hycolor.sty
Package: hycolor 2020-01-27 v1.10 Color options for hyperref/bookmark (HO)
)
(/usr/local/texlive/2026/texmf-dist/tex/latex/hyperref/nameref.sty
Package: nameref 2026-01-29 v2.58 Cross-referencing by name of section

(/usr/local/texlive/2026/texmf-dist/tex/latex/refcount/refcount.sty
Package: refcount 2019/12/15 v3.6 Data extraction from label references (HO)
)
(/usr/local/texlive/2026/texmf-dist/tex/generic/gettitlestring/gettitlestring.s
ty
Package: gettitlestring 2019/12/15 v1.6 Cleanup title references (HO)
 (/usr/local/texlive/2026/texmf-dist/tex/latex/kvoptions/kvoptions.sty
Package: kvoptions 2022-06-15 v3.15 Key value format for package options (HO)
))
\c@section@level=\count322
)
(/usr/local/texlive/2026/texmf-dist/tex/generic/stringenc/stringenc.sty
Package: stringenc 2019/11/29 v1.12 Convert strings between diff. encodings (HO
)
)
\@linkdim=\dimen275
\Hy@linkcounter=\count323
\Hy@pagecounter=\count324

(/usr/local/texlive/2026/texmf-dist/tex/latex/hyperref/pd1enc.def
File: pd1enc.def 2026-01-29 v7.01p Hyperref: PDFDocEncoding definition (HO)
Now handling font encoding PD1 ...
... no UTF-8 mapping file for font encoding PD1
)
(/usr/local/texlive/2026/texmf-dist/tex/generic/intcalc/intcalc.sty
Package: intcalc 2019/12/15 v1.3 Expandable calculations with integers (HO)
)
\Hy@SavedSpaceFactor=\count325

(/usr/local/texlive/2026/texmf-dist/tex/latex/hyperref/puenc.def
File: puenc.def 2026-01-29 v7.01p Hyperref: PDF Unicode definition (HO)
Now handling font encoding PU ...
... no UTF-8 mapping file for font encoding PU
)
Package hyperref Info: Option `bookmarks' set `true' on input line 4072.
Package hyperref Info: Option `bookmarksopen' set `true' on input line 4072.
Package hyperref Info: Option `implicit' set `false' on input line 4072.
Package hyperref Info: Hyper figures OFF on input line 4201.
Package hyperref Info: Link nesting OFF on input line 4206.
Package hyperref Info: Hyper index ON on input line 4209.
Package hyperref Info: Plain pages OFF on input line 4216.
Package hyperref Info: Backreferencing OFF on input line 4221.
Package hyperref Info: Implicit mode OFF; no redefinition of LaTeX internals.
Package hyperref Info: Bookmarks ON on input line 4468.
\c@Hy@tempcnt=\count326

(/usr/local/texlive/2026/texmf-dist/tex/latex/url/url.sty
\Urlmuskip=\muskip17
Package: url 2013/09/16  ver 3.4  Verb mode for urls, etc.
)
LaTeX Info: Redefining \url on input line 4807.
\XeTeXLinkMargin=\dimen276

(/usr/local/texlive/2026/texmf-dist/tex/generic/bitset/bitset.sty
Package: bitset 2019/12/09 v1.3 Handle bit-vector datatype (HO)

(/usr/local/texlive/2026/texmf-dist/tex/generic/bigintcalc/bigintcalc.sty
Package: bigintcalc 2019/12/15 v1.5 Expandable calculations on big integers (HO
)
))
\Fld@menulength=\count327
\Field@Width=\dimen277
\Fld@charsize=\dimen278
Package hyperref Info: Hyper figures OFF on input line 6084.
Package hyperref Info: Link nesting OFF on input line 6089.
Package hyperref Info: Hyper index ON on input line 6092.
Package hyperref Info: backreferencing OFF on input line 6099.
Package hyperref Info: Link coloring OFF on input line 6104.
Package hyperref Info: Link coloring with OCG OFF on input line 6109.
Package hyperref Info: PDF/A mode OFF on input line 6114.
\Hy@abspage=\count328


Package hyperref Message: Stopped early.

)
Package hyperref Info: Driver (autodetected): hpdftex.
 (/usr/local/texlive/2026/texmf-dist/tex/latex/hyperref/hpdftex.def
File: hpdftex.def 2026-01-29 v7.01p Hyperref driver for pdfTeX
\Fld@listcount=\count329
\c@bookmark@seq@number=\count330

(/usr/local/texlive/2026/texmf-dist/tex/latex/rerunfilecheck/rerunfilecheck.sty
Package: rerunfilecheck 2025-06-21 v1.11 Rerun checks for auxiliary files (HO)

(/usr/local/texlive/2026/texmf-dist/tex/generic/uniquecounter/uniquecounter.sty
Package: uniquecounter 2019/12/15 v1.4 Provide unlimited unique counter (HO)
)
Package uniquecounter Info: New unique counter `rerunfilecheck' on input line 2
84.
)) (/usr/local/texlive/2026/texmf-dist/tex/latex/beamer/beamerbaserequires.sty
(/usr/local/texlive/2026/texmf-dist/tex/latex/beamer/beamerbasecompatibility.st
y) (/usr/local/texlive/2026/texmf-dist/tex/latex/beamer/beamerbasefont.sty
(/usr/local/texlive/2026/texmf-dist/tex/latex/amsfonts/amssymb.sty
Package: amssymb 2013/01/14 v3.01 AMS font symbols

(/usr/local/texlive/2026/texmf-dist/tex/latex/amsfonts/amsfonts.sty
Package: amsfonts 2013/01/14 v3.01 Basic AMSFonts support
\@emptytoks=\toks29
\symAMSa=\mathgroup4
\symAMSb=\mathgroup5
LaTeX Font Info:    Redeclaring math symbol \hbar on input line 98.
LaTeX Font Info:    Overwriting math alphabet `\mathfrak' in version `bold'
(Font)                  U/euf/m/n --> U/euf/b/n on input line 106.
))
(/usr/local/texlive/2026/texmf-dist/tex/latex/sansmathaccent/sansmathaccent.sty
Package: sansmathaccent 2020/01/31
(/usr/local/texlive/2026/texmf-dist/tex/latex/koma-script/scrlfile.sty
Package: scrlfile 2026/02/02 v3.49.2 KOMA-Script package (file load hooks)

(/usr/local/texlive/2026/texmf-dist/tex/latex/koma-script/scrlfile-hook.sty
Package: scrlfile-hook 2026/02/02 v3.49.2 KOMA-Script package (using LaTeX hook
s)

(/usr/local/texlive/2026/texmf-dist/tex/latex/koma-script/scrlogo.sty
Package: scrlogo 2026/02/02 v3.49.2 KOMA-Script package (logo)
)))))
(/usr/local/texlive/2026/texmf-dist/tex/latex/beamer/beamerbasetranslator.sty
(/usr/local/texlive/2026/texmf-dist/tex/latex/translator/translator.sty
Package: translator 2021-05-31 v1.12d Easy translation of strings in LaTeX
))
(/usr/local/texlive/2026/texmf-dist/tex/latex/beamer/beamerbasemisc.sty)
(/usr/local/texlive/2026/texmf-dist/tex/latex/beamer/beamerbasetwoscreens.sty)
(/usr/local/texlive/2026/texmf-dist/tex/latex/beamer/beamerbaseoverlay.sty
\beamer@argscount=\count331
\beamer@lastskipcover=\skip52
\beamer@trivlistdepth=\count332
)
(/usr/local/texlive/2026/texmf-dist/tex/latex/beamer/beamerbasetitle.sty)
(/usr/local/texlive/2026/texmf-dist/tex/latex/beamer/beamerbasesection.sty
\c@lecture=\count333
\c@part=\count334
\c@section=\count335
\c@subsection=\count336
\c@subsubsection=\count337
)
(/usr/local/texlive/2026/texmf-dist/tex/latex/beamer/beamerbaseframe.sty
\beamer@framebox=\box68
\beamer@frametitlebox=\box69
\beamer@zoombox=\box70
\beamer@zoomcount=\count338
\beamer@zoomframecount=\count339
\beamer@frametextheight=\dimen279
\c@subsectionslide=\count340
\beamer@frametopskip=\skip53
\beamer@framebottomskip=\skip54
\beamer@frametopskipautobreak=\skip55
\beamer@framebottomskipautobreak=\skip56
\beamer@envbody=\toks30
\framewidth=\dimen280
\c@framenumber=\count341
)
(/usr/local/texlive/2026/texmf-dist/tex/latex/beamer/beamerbaseverbatim.sty
\beamer@verbatimfileout=\write4
)
(/usr/local/texlive/2026/texmf-dist/tex/latex/beamer/beamerbaseframesize.sty
\beamer@splitbox=\box71
\beamer@autobreakcount=\count342
\beamer@autobreaklastheight=\dimen281
\beamer@frametitletoks=\toks31
\beamer@framesubtitletoks=\toks32
)
(/usr/local/texlive/2026/texmf-dist/tex/latex/beamer/beamerbaseframecomponents.
sty
\beamer@colheight=\skip57
\beamer@footins=\box72
) (/usr/local/texlive/2026/texmf-dist/tex/latex/beamer/beamerbasecolor.sty)
(/usr/local/texlive/2026/texmf-dist/tex/latex/beamer/beamerbasenotes.sty
\beamer@frameboxcopy=\box73
)
(/usr/local/texlive/2026/texmf-dist/tex/latex/beamer/beamerbasetoc.sty)
(/usr/local/texlive/2026/texmf-dist/tex/latex/beamer/beamerbasetemplates.sty
\beamer@sbttoks=\toks33

(/usr/local/texlive/2026/texmf-dist/tex/latex/beamer/beamerbaseauxtemplates.sty
(/usr/local/texlive/2026/texmf-dist/tex/latex/beamer/beamerbaseboxes.sty
\bmb@box=\box74
\bmb@colorbox=\box75
\bmb@boxwidth=\dimen282
\bmb@boxheight=\dimen283
\bmb@prevheight=\dimen284
\bmb@temp=\dimen285
\bmb@dima=\dimen286
\bmb@dimb=\dimen287
\bmb@prevheight=\dimen288
)
\beamer@blockheadheight=\dimen289
))
(/usr/local/texlive/2026/texmf-dist/tex/latex/beamer/beamerbaselocalstructure.s
ty (/usr/local/texlive/2026/texmf-dist/tex/latex/tools/enumerate.sty
Package: enumerate 2023/07/04 v3.00 enumerate extensions (DPC)
\@enLab=\toks34
)
\beamer@bibiconwidth=\skip58
\c@figure=\count343
\c@table=\count344
\abovecaptionskip=\skip59
\belowcaptionskip=\skip60
)
(/usr/local/texlive/2026/texmf-dist/tex/latex/beamer/beamerbasenavigation.sty
(/usr/local/texlive/2026/texmf-dist/tex/latex/beamer/beamerbasenavigationsymbol
s.tex)
\beamer@section@min@dim=\dimen290
)
(/usr/local/texlive/2026/texmf-dist/tex/latex/beamer/beamerbasetheorems.sty
(/usr/local/texlive/2026/texmf-dist/tex/latex/amsmath/amsmath.sty
Package: amsmath 2025/07/09 v2.17z AMS math features
\@mathmargin=\skip61

For additional information on amsmath, use the `?' option.
(/usr/local/texlive/2026/texmf-dist/tex/latex/amsmath/amstext.sty
Package: amstext 2024/11/17 v2.01 AMS text

(/usr/local/texlive/2026/texmf-dist/tex/latex/amsmath/amsgen.sty
File: amsgen.sty 1999/11/30 v2.0 generic functions
\@emptytoks=\toks35
\ex@=\dimen291
))
(/usr/local/texlive/2026/texmf-dist/tex/latex/amsmath/amsbsy.sty
Package: amsbsy 1999/11/29 v1.2d Bold Symbols
\pmbraise@=\dimen292
)
(/usr/local/texlive/2026/texmf-dist/tex/latex/amsmath/amsopn.sty
Package: amsopn 2022/04/08 v2.04 operator names
)
\inf@bad=\count345
LaTeX Info: Redefining \frac on input line 233.
\uproot@=\count346
\leftroot@=\count347
LaTeX Info: Redefining \overline on input line 398.
LaTeX Info: Redefining \colon on input line 409.
\classnum@=\count348
\DOTSCASE@=\count349
LaTeX Info: Redefining \ldots on input line 495.
LaTeX Info: Redefining \dots on input line 498.
LaTeX Info: Redefining \cdots on input line 619.
\Mathstrutbox@=\box76
\strutbox@=\box77
LaTeX Info: Redefining \big on input line 721.
LaTeX Info: Redefining \Big on input line 722.
LaTeX Info: Redefining \bigg on input line 723.
LaTeX Info: Redefining \Bigg on input line 724.
\big@size=\dimen293
LaTeX Font Info:    Redeclaring font encoding OML on input line 742.
LaTeX Font Info:    Redeclaring font encoding OMS on input line 743.
\macc@depth=\count350
LaTeX Info: Redefining \bmod on input line 904.
LaTeX Info: Redefining \pmod on input line 909.
LaTeX Info: Redefining \smash on input line 939.
LaTeX Info: Redefining \relbar on input line 969.
LaTeX Info: Redefining \Relbar on input line 970.
\c@MaxMatrixCols=\count351
\dotsspace@=\muskip18
\c@parentequation=\count352
\dspbrk@lvl=\count353
\tag@help=\toks36
\row@=\count354
\column@=\count355
\maxfields@=\count356
\andhelp@=\toks37
\eqnshift@=\dimen294
\alignsep@=\dimen295
\tagshift@=\dimen296
\tagwidth@=\dimen297
\totwidth@=\dimen298
\lineht@=\dimen299
\@envbody=\toks38
\multlinegap=\skip62
\multlinetaggap=\skip63
\mathdisplay@stack=\toks39
LaTeX Info: Redefining \[ on input line 2950.
LaTeX Info: Redefining \] on input line 2951.
)
(/usr/local/texlive/2026/texmf-dist/tex/latex/amscls/amsthm.sty
Package: amsthm 2020/05/29 v2.20.6
\thm@style=\toks40
\thm@bodyfont=\toks41
\thm@headfont=\toks42
\thm@notefont=\toks43
\thm@headpunct=\toks44
\thm@preskip=\skip64
\thm@postskip=\skip65
\thm@headsep=\skip66
\dth@everypar=\toks45
)
\c@theorem=\count357
)
(/usr/local/texlive/2026/texmf-dist/tex/latex/beamer/beamerbasethemes.sty))
(/usr/local/texlive/2026/texmf-dist/tex/latex/beamer/beamerthemedefault.sty
(/usr/local/texlive/2026/texmf-dist/tex/latex/beamer/beamerfontthemedefault.sty
)
(/usr/local/texlive/2026/texmf-dist/tex/latex/beamer/beamercolorthemedefault.st
y)
(/usr/local/texlive/2026/texmf-dist/tex/latex/beamer/beamerinnerthemedefault.st
y
\beamer@dima=\dimen300
\beamer@dimb=\dimen301
)
(/usr/local/texlive/2026/texmf-dist/tex/latex/beamer/beamerouterthemedefault.st
y))) (/usr/local/texlive/2026/texmf-dist/tex/latex/base/inputenc.sty
Package: inputenc 2024/02/08 v1.3d Input encoding file
\inpenc@prehook=\toks46
\inpenc@posthook=\toks47
)
(/usr/local/texlive/2026/texmf-dist/tex/latex/base/fontenc.sty
Package: fontenc 2025/07/18 v2.1d Standard LaTeX package
)
(/usr/local/texlive/2026/texmf-dist/tex/generic/babel/babel.sty
Package: babel 2026/03/08 v26.4 The multilingual framework for LuaLaTeX, pdfLaT
eX and XeLaTeX
\babel@savecnt=\count358
LaTeX Encoding Info:    Redeclaring text command \ij (encoding OT1) on input li
ne 2078.
LaTeX Encoding Info:    Redeclaring text command \IJ (encoding OT1) on input li
ne 2080.
LaTeX Encoding Info:    Redeclaring text command \ij (encoding T1) on input lin
e 2082.
LaTeX Encoding Info:    Redeclaring text command \IJ (encoding T1) on input lin
e 2083.
LaTeX Encoding Info:    Ignoring declaration for text command \ij (encoding ?) 
on input line 2084.
LaTeX Encoding Info:    Ignoring declaration for text command \IJ (encoding ?) 
on input line 2086.
LaTeX Encoding Info:    Ignoring declaration for text command \SS (encoding ?) 
on input line 2111.
\U@D=\dimen302
\l@unhyphenated=\language91

(/usr/local/texlive/2026/texmf-dist/tex/generic/babel/txtbabel.def)
\bbl@readstream=\read3
LaTeX Info: Redefining \textlatin on input line 3974.
\bbl@dirlevel=\count359

(/usr/local/texlive/2026/texmf-dist/tex/generic/babel/locale/invalid/babel-braz
il.tex)

Package babel Warning: Name 'brazil' is deprecated.
(babel)                Use 'brazilian' instead.
(babel)                Reported on input line 4330.

Package babel Info: Importing font and identification data for brazil
(babel)             from babel-pt-BR.ini. Reported on input line 4330.
(/usr/local/texlive/2026/texmf-dist/tex/generic/babel-portuges/brazilian.ldf
Language: portuges 2026/01/24 v1.2u Portuguese support from the babel system
Package babel Info: Hyphen rules for 'brazil' set to \l@portuguese
(babel)             (\language73). Reported on input line 100.
Package babel Info: Making " an active character on input line 132.
))
(/usr/local/texlive/2026/texmf-dist/tex/latex/booktabs/booktabs.sty
Package: booktabs 2020/01/12 v1.61803398 Publication quality tables
\heavyrulewidth=\dimen303
\lightrulewidth=\dimen304
\cmidrulewidth=\dimen305
\belowrulesep=\dimen306
\belowbottomsep=\dimen307
\aboverulesep=\dimen308
\abovetopsep=\dimen309
\cmidrulesep=\dimen310
\cmidrulekern=\dimen311
\defaultaddspace=\dimen312
\@cmidla=\count360
\@cmidlb=\count361
\@aboverulesep=\dimen313
\@belowrulesep=\dimen314
\@thisruleclass=\count362
\@lastruleclass=\count363
\@thisrulewidth=\dimen315
)
(/usr/local/texlive/2026/texmf-dist/tex/latex/tools/array.sty
Package: array 2025/09/25 v2.6n Tabular extension package (FMi)
\col@sep=\dimen316
\ar@mcellbox=\box78
\extrarowheight=\dimen317
\NC@list=\toks48
\extratabsurround=\skip67
\backup@length=\skip68
\ar@cellbox=\box79
)
(/usr/local/texlive/2026/texmf-dist/tex/latex/pgf/frontendlayer/tikz.sty
(/usr/local/texlive/2026/texmf-dist/tex/latex/pgf/basiclayer/pgf.sty
Package: pgf 2025-08-29 v3.1.11a (3.1.11a)

(/usr/local/texlive/2026/texmf-dist/tex/generic/pgf/modules/pgfmoduleshapes.cod
e.tex
File: pgfmoduleshapes.code.tex 2025-08-29 v3.1.11a (3.1.11a)
\pgfnodeparttextbox=\box80
)
(/usr/local/texlive/2026/texmf-dist/tex/generic/pgf/modules/pgfmoduleplot.code.
tex
File: pgfmoduleplot.code.tex 2025-08-29 v3.1.11a (3.1.11a)
)
(/usr/local/texlive/2026/texmf-dist/tex/latex/pgf/compatibility/pgfcomp-version
-0-65.sty
Package: pgfcomp-version-0-65 2025-08-29 v3.1.11a (3.1.11a)
\pgf@nodesepstart=\dimen318
\pgf@nodesepend=\dimen319
)
(/usr/local/texlive/2026/texmf-dist/tex/latex/pgf/compatibility/pgfcomp-version
-1-18.sty
Package: pgfcomp-version-1-18 2025-08-29 v3.1.11a (3.1.11a)
))
(/usr/local/texlive/2026/texmf-dist/tex/latex/pgf/utilities/pgffor.sty
(/usr/local/texlive/2026/texmf-dist/tex/generic/pgf/utilities/pgffor.code.tex
Package: pgffor 2025-08-29 v3.1.11a (3.1.11a)
\pgffor@iter=\dimen320
\pgffor@skip=\dimen321
\pgffor@stack=\toks49
\pgffor@toks=\toks50
))
(/usr/local/texlive/2026/texmf-dist/tex/generic/pgf/frontendlayer/tikz/tikz.cod
e.tex
Package: tikz 2025-08-29 v3.1.11a (3.1.11a)

(/usr/local/texlive/2026/texmf-dist/tex/generic/pgf/libraries/pgflibraryplothan
dlers.code.tex
File: pgflibraryplothandlers.code.tex 2025-08-29 v3.1.11a (3.1.11a)
\pgf@plot@mark@count=\count364
\pgfplotmarksize=\dimen322
)
\tikz@lastx=\dimen323
\tikz@lasty=\dimen324
\tikz@lastxsaved=\dimen325
\tikz@lastysaved=\dimen326
\tikz@lastmovetox=\dimen327
\tikz@lastmovetoy=\dimen328
\tikzleveldistance=\dimen329
\tikzsiblingdistance=\dimen330
\tikz@figbox=\box81
\tikz@figbox@bg=\box82
\tikz@tempbox=\box83
\tikz@tempbox@bg=\box84
\tikztreelevel=\count365
\tikznumberofchildren=\count366
\tikznumberofcurrentchild=\count367
\tikz@fig@count=\count368

(/usr/local/texlive/2026/texmf-dist/tex/generic/pgf/modules/pgfmodulematrix.cod
e.tex
File: pgfmodulematrix.code.tex 2025-08-29 v3.1.11a (3.1.11a)
\pgfmatrixcurrentrow=\count369
\pgfmatrixcurrentcolumn=\count370
\pgf@matrix@numberofcolumns=\count371
)
\tikz@expandcount=\count372

(/usr/local/texlive/2026/texmf-dist/tex/generic/pgf/frontendlayer/tikz/librarie
s/tikzlibrarytopaths.code.tex
File: tikzlibrarytopaths.code.tex 2025-08-29 v3.1.11a (3.1.11a)
)))
(/usr/local/texlive/2026/texmf-dist/tex/latex/siunitx/siunitx.sty
Package: siunitx 2025-07-09 v3.4.14 A comprehensive (SI) units package
\l__siunitx_number_uncert_offset_int=\count373
\l__siunitx_number_exponent_fixed_int=\count374
\l__siunitx_number_min_decimal_int=\count375
\l__siunitx_number_min_integer_int=\count376
\l__siunitx_number_round_precision_int=\count377
\l__siunitx_number_lower_threshold_int=\count378
\l__siunitx_number_upper_threshold_int=\count379
\l__siunitx_number_group_first_int=\count380
\l__siunitx_number_group_size_int=\count381
\l__siunitx_number_group_minimum_int=\count382
\l__siunitx_angle_tmp_dim=\dimen331
\l__siunitx_angle_marker_box=\box85
\l__siunitx_angle_unit_box=\box86
\l__siunitx_compound_count_int=\count383

(/usr/local/texlive/2026/texmf-dist/tex/latex/translations/translations.sty
Package: translations 2022/02/05 v1.12 internationalization of LaTeX2e packages
 (CN)
)
\l__siunitx_table_tmp_box=\box87
\l__siunitx_table_tmp_dim=\dimen332
\l__siunitx_table_column_width_dim=\dimen333
\l__siunitx_table_integer_box=\box88
\l__siunitx_table_decimal_box=\box89
\l__siunitx_table_uncert_box=\box90
\l__siunitx_table_before_box=\box91
\l__siunitx_table_after_box=\box92
\l__siunitx_table_before_dim=\dimen334
\l__siunitx_table_carry_dim=\dimen335
\l__siunitx_unit_tmp_int=\count384
\l__siunitx_unit_position_int=\count385
\l__siunitx_unit_total_int=\count386
)
(/usr/local/texlive/2026/texmf-dist/tex/latex/beamer/beamerthemeMadrid.sty
(/usr/local/texlive/2026/texmf-dist/tex/latex/beamer/beamercolorthemewhale.sty)

(/usr/local/texlive/2026/texmf-dist/tex/latex/beamer/beamercolorthemeorchid.sty
)
(/usr/local/texlive/2026/texmf-dist/tex/latex/beamer/beamerinnerthemerounded.st
y)
(/usr/local/texlive/2026/texmf-dist/tex/latex/beamer/beamerouterthemeinfolines.
sty))
(/usr/local/texlive/2026/texmf-dist/tex/latex/l3backend/l3backend-pdftex.def
File: l3backend-pdftex.def 2025-10-09 L3 backend support: PDF output (pdfTeX)
\l__color_backend_stack_int=\count387
)
(./apresentacao.aux
Package babel Info: 'brazil' activates 'portuges' shorthands.
(babel)             Reported on input line 8.
)
\openout1 = `apresentacao.aux'.

LaTeX Font Info:    Checking defaults for OML/cmm/m/it on input line 26.
LaTeX Font Info:    ... okay on input line 26.
LaTeX Font Info:    Checking defaults for OMS/cmsy/m/n on input line 26.
LaTeX Font Info:    ... okay on input line 26.
LaTeX Font Info:    Checking defaults for OT1/cmr/m/n on input line 26.
LaTeX Font Info:    ... okay on input line 26.
LaTeX Font Info:    Checking defaults for T1/cmr/m/n on input line 26.
LaTeX Font Info:    ... okay on input line 26.
LaTeX Font Info:    Checking defaults for TS1/cmr/m/n on input line 26.
LaTeX Font Info:    ... okay on input line 26.
LaTeX Font Info:    Checking defaults for OMX/cmex/m/n on input line 26.
LaTeX Font Info:    ... okay on input line 26.
LaTeX Font Info:    Checking defaults for U/cmr/m/n on input line 26.
LaTeX Font Info:    ... okay on input line 26.
LaTeX Font Info:    Checking defaults for PD1/pdf/m/n on input line 26.
LaTeX Font Info:    ... okay on input line 26.
LaTeX Font Info:    Checking defaults for PU/pdf/m/n on input line 26.
LaTeX Font Info:    ... okay on input line 26.

*geometry* driver: auto-detecting
*geometry* detected driver: pdftex
*geometry* verbose mode - [ preamble ] result:
* driver: pdftex
* paper: custom
* layout: <same size as paper>
* layoutoffset:(h,v)=(0.0pt,0.0pt)
* modes: includehead includefoot 
* h-part:(L,W,R)=(9.99756pt, 435.24896pt, 9.99756pt)
* v-part:(T,H,B)=(0.0pt, 256.0748pt, 0.0pt)
* \paperwidth=455.24408pt
* \paperheight=256.0748pt
* \textwidth=435.24896pt
* \textheight=227.62207pt
* \oddsidemargin=-62.27243pt
* \evensidemargin=-62.27243pt
* \topmargin=-72.26999pt
* \headheight=14.22636pt
* \headsep=0.0pt
* \topskip=10.0pt
* \footskip=14.22636pt
* \marginparwidth=3.0pt
* \marginparsep=11.0pt
* \columnsep=10.0pt
* \skip\footins=9.0pt plus 4.0pt minus 2.0pt
* \hoffset=0.0pt
* \voffset=0.0pt
* \mag=1000
* \@twocolumnfalse
* \@twosidefalse
* \@mparswitchfalse
* \@reversemarginfalse
* (1in=72.27pt=25.4mm, 1cm=28.453pt)

(/usr/local/texlive/2026/texmf-dist/tex/context/base/mkii/supp-pdf.mkii
[Loading MPS to PDF converter (version 2006.09.02).]
\scratchcounter=\count388
\scratchdimen=\dimen336
\scratchbox=\box93
\nofMPsegments=\count389
\nofMParguments=\count390
\everyMPshowfont=\toks51
\MPscratchCnt=\count391
\MPscratchDim=\dimen337
\MPnumerator=\count392
\makeMPintoPDFobject=\count393
\everyMPtoPDFconversion=\toks52
) (/usr/local/texlive/2026/texmf-dist/tex/latex/epstopdf-pkg/epstopdf-base.sty
Package: epstopdf-base 2020-01-24 v2.11 Base part for package epstopdf
Package epstopdf-base Info: Redefining graphics rule for `.eps' on input line 4
85.

(/usr/local/texlive/2026/texmf-dist/tex/latex/latexconfig/epstopdf-sys.cfg
File: epstopdf-sys.cfg 2010/07/13 v1.3 Configuration of (r)epstopdf for TeX Liv
e
))
Package hyperref Info: Link coloring OFF on input line 26.

(./apresentacao.out) (./apresentacao.out)
\@outlinefile=\write5
\openout5 = `apresentacao.out'.

LaTeX Font Info:    Overwriting symbol font `operators' in version `normal'
(Font)                  OT1/cmr/m/n --> OT1/cmss/m/n on input line 26.
LaTeX Font Info:    Overwriting symbol font `operators' in version `bold'
(Font)                  OT1/cmr/bx/n --> OT1/cmss/b/n on input line 26.
\symnumbers=\mathgroup6
\sympureletters=\mathgroup7
LaTeX Font Info:    Overwriting math alphabet `\mathrm' in version `normal'
(Font)                  OT1/cmss/m/n --> T1/cmr/m/n on input line 26.
LaTeX Font Info:    Redeclaring math alphabet \mathbf on input line 26.
LaTeX Font Info:    Overwriting math alphabet `\mathbf' in version `normal'
(Font)                  OT1/cmr/bx/n --> T1/cmss/b/n on input line 26.
LaTeX Font Info:    Overwriting math alphabet `\mathbf' in version `bold'
(Font)                  OT1/cmr/bx/n --> T1/cmss/b/n on input line 26.
LaTeX Font Info:    Redeclaring math alphabet \mathsf on input line 26.
LaTeX Font Info:    Overwriting math alphabet `\mathsf' in version `normal'
(Font)                  OT1/cmss/m/n --> T1/cmss/m/n on input line 26.
LaTeX Font Info:    Overwriting math alphabet `\mathsf' in version `bold'
(Font)                  OT1/cmss/bx/n --> T1/cmss/m/n on input line 26.
LaTeX Font Info:    Redeclaring math alphabet \mathit on input line 26.
LaTeX Font Info:    Overwriting math alphabet `\mathit' in version `normal'
(Font)                  OT1/cmr/m/it --> T1/cmss/m/it on input line 26.
LaTeX Font Info:    Overwriting math alphabet `\mathit' in version `bold'
(Font)                  OT1/cmr/bx/it --> T1/cmss/m/it on input line 26.
LaTeX Font Info:    Redeclaring math alphabet \mathtt on input line 26.
LaTeX Font Info:    Overwriting math alphabet `\mathtt' in version `normal'
(Font)                  OT1/cmtt/m/n --> T1/cmtt/m/n on input line 26.
LaTeX Font Info:    Overwriting math alphabet `\mathtt' in version `bold'
(Font)                  OT1/cmtt/m/n --> T1/cmtt/m/n on input line 26.
LaTeX Font Info:    Overwriting symbol font `numbers' in version `bold'
(Font)                  T1/cmss/m/n --> T1/cmss/b/n on input line 26.
LaTeX Font Info:    Overwriting symbol font `pureletters' in version `bold'
(Font)                  T1/cmss/m/it --> T1/cmss/b/it on input line 26.
LaTeX Font Info:    Overwriting math alphabet `\mathrm' in version `bold'
(Font)                  OT1/cmss/b/n --> T1/cmr/b/n on input line 26.
LaTeX Font Info:    Overwriting math alphabet `\mathbf' in version `bold'
(Font)                  T1/cmss/b/n --> T1/cmss/b/n on input line 26.
LaTeX Font Info:    Overwriting math alphabet `\mathsf' in version `bold'
(Font)                  T1/cmss/m/n --> T1/cmss/b/n on input line 26.
LaTeX Font Info:    Overwriting math alphabet `\mathit' in version `bold'
(Font)                  T1/cmss/m/it --> T1/cmss/b/it on input line 26.
LaTeX Font Info:    Overwriting math alphabet `\mathtt' in version `bold'
(Font)                  T1/cmtt/m/n --> T1/cmtt/b/n on input line 26.
LaTeX Font Info:    Redeclaring symbol font `pureletters' on input line 26.
LaTeX Font Info:    Encoding `T1' has changed to `OT1' for symbol font
(Font)              `pureletters' in the math version `normal' on input line 26
.
LaTeX Font Info:    Overwriting symbol font `pureletters' in version `normal'
(Font)                  T1/cmss/m/it --> OT1/mathkerncmss/m/sl on input line 26
.
LaTeX Font Info:    Encoding `T1' has changed to `OT1' for symbol font
(Font)              `pureletters' in the math version `bold' on input line 26.
LaTeX Font Info:    Overwriting symbol font `pureletters' in version `bold'
(Font)                  T1/cmss/b/it --> OT1/mathkerncmss/m/sl on input line 26
.
LaTeX Font Info:    Overwriting symbol font `pureletters' in version `bold'
(Font)                  OT1/mathkerncmss/m/sl --> OT1/mathkerncmss/bx/sl on inp
ut line 26.

(/usr/local/texlive/2026/texmf-dist/tex/latex/translator/translator-basic-dicti
onary-English.dict
Dictionary: translator-basic-dictionary, Language: English 
)
(/usr/local/texlive/2026/texmf-dist/tex/latex/translator/translator-bibliograph
y-dictionary-English.dict
Dictionary: translator-bibliography-dictionary, Language: English 
)
(/usr/local/texlive/2026/texmf-dist/tex/latex/translator/translator-environment
-dictionary-English.dict
Dictionary: translator-environment-dictionary, Language: English 
)
(/usr/local/texlive/2026/texmf-dist/tex/latex/translator/translator-months-dict
ionary-English.dict
Dictionary: translator-months-dictionary, Language: English 
)
(/usr/local/texlive/2026/texmf-dist/tex/latex/translator/translator-numbers-dic
tionary-English.dict
Dictionary: translator-numbers-dictionary, Language: English 
)
(/usr/local/texlive/2026/texmf-dist/tex/latex/translator/translator-theorem-dic
tionary-English.dict
Dictionary: translator-theorem-dictionary, Language: English 
)
(/usr/local/texlive/2026/texmf-dist/tex/latex/translations/translations-basic-d
ictionary-brazil.trsl
File: translations-basic-dictionary-brazil.trsl (brazil translation file `trans
lations-basic-dictionary')
)
Package translations Info: loading dictionary `translations-basic-dictionary' f
or `brazil'. on input line 26.
 (./apresentacao.nav)
Overfull \hbox (158.91763pt too wide) in paragraph at lines 26--26
 [][]  \T1/cmss/m/n/5 ([])  
 []


Overfull \hbox (158.91763pt too wide) in paragraph at lines 32--32
 [][]  \T1/cmss/m/n/5 ([])  
 []


Overfull \hbox (158.91763pt too wide) has occurred while \output is active
 [][]  \T1/cmss/m/n/5 ([])  
 []

[1

{/usr/local/texlive/2026/texmf-var/fonts/map/pdftex/updmap/pdftex.map}{/usr/loc
al/texlive/2026/texmf-dist/fonts/enc/dvips/cm-super/cm-super-t1.enc}]
Overfull \hbox (158.91763pt too wide) in paragraph at lines 46--46
 [][]  \T1/cmss/m/n/5 ([])  
 []

LaTeX Font Info:    Trying to load font information for U+msa on input line 46.

(/usr/local/texlive/2026/texmf-dist/tex/latex/amsfonts/umsa.fd
File: umsa.fd 2013/01/14 v3.01 AMS symbols A
)
LaTeX Font Info:    Trying to load font information for U+msb on input line 46.


(/usr/local/texlive/2026/texmf-dist/tex/latex/amsfonts/umsb.fd
File: umsb.fd 2013/01/14 v3.01 AMS symbols B
)
LaTeX Font Info:    Trying to load font information for OT1+mathkerncmss on inp
ut line 46.

(/usr/local/texlive/2026/texmf-dist/tex/latex/sansmathaccent/ot1mathkerncmss.fd
File: ot1mathkerncmss.fd 2020/01/31 Fontinst v1.933 font definitions for OT1/ma
thkerncmss.
)
Overfull \hbox (158.91763pt too wide) has occurred while \output is active
 [][]  \T1/cmss/m/n/5 ([])  
 []

[2

]
Overfull \hbox (158.91763pt too wide) in paragraph at lines 58--58
 [][]  \T1/cmss/m/n/5 ([])  
 []


Overfull \hbox (158.91763pt too wide) has occurred while \output is active
 [][]  \T1/cmss/m/n/5 ([])  
 []

[3

]
Overfull \hbox (158.91763pt too wide) in paragraph at lines 73--73
 [][]  \T1/cmss/m/n/5 ([])  
 []


Overfull \hbox (158.91763pt too wide) has occurred while \output is active
 [][]  \T1/cmss/m/n/5 ([])  
 []

[4

]
Overfull \hbox (158.91763pt too wide) in paragraph at lines 97--97
 [][]  \T1/cmss/m/n/5 ([])  
 []


Overfull \hbox (158.91763pt too wide) has occurred while \output is active
 [][]  \T1/cmss/m/n/5 ([])  
 []

[5

]
Overfull \hbox (158.91763pt too wide) in paragraph at lines 122--122
 [][]  \T1/cmss/m/n/5 ([])  
 []

<../01_all_three_problems.png, id=85, 1292.6694pt x 352.6776pt>
File: ../01_all_three_problems.png Graphic file (type png)
<use ../01_all_three_problems.png>
Package pdftex.def Info: ../01_all_three_problems.png  used on input line 122.
(pdftex.def)             Requested size: 239.37679pt x 65.3089pt.

Overfull \hbox (158.91763pt too wide) has occurred while \output is active
 [][]  \T1/cmss/m/n/5 ([])  
 []

[6

 <../01_all_three_problems.png>]
Overfull \hbox (158.91763pt too wide) in paragraph at lines 155--155
 [][]  \T1/cmss/m/n/5 ([])  
 []

<../01_all_three_problems_problema_a.png, id=95, 497.6994pt x 352.6776pt>
File: ../01_all_three_problems_problema_a.png Graphic file (type png)
<use ../01_all_three_problems_problema_a.png>
Package pdftex.def Info: ../01_all_three_problems_problema_a.png  used on input
 line 155.
(pdftex.def)             Requested size: 155.46992pt x 110.16841pt.

Overfull \hbox (158.91763pt too wide) has occurred while \output is active
 [][]  \T1/cmss/m/n/5 ([])  
 []

[7

 <../01_all_three_problems_problema_a.png>]
Overfull \hbox (158.91763pt too wide) in paragraph at lines 187--187
 [][]  \T1/cmss/m/n/5 ([])  
 []

<../01_all_three_problems_problema_b.png, id=106, 497.6994pt x 353.1594pt>
File: ../01_all_three_problems_problema_b.png Graphic file (type png)
<use ../01_all_three_problems_problema_b.png>
Package pdftex.def Info: ../01_all_three_problems_problema_b.png  used on input
 line 187.
(pdftex.def)             Requested size: 155.25728pt x 110.16803pt.

Overfull \hbox (158.91763pt too wide) has occurred while \output is active
 [][]  \T1/cmss/m/n/5 ([])  
 []

[8

 <../01_all_three_problems_problema_b.png>]
Overfull \hbox (158.91763pt too wide) in paragraph at lines 219--219
 [][]  \T1/cmss/m/n/5 ([])  
 []

<../01_all_three_problems_problema_c.png, id=116, 497.6994pt x 353.1594pt>
File: ../01_all_three_problems_problema_c.png Graphic file (type png)
<use ../01_all_three_problems_problema_c.png>
Package pdftex.def Info: ../01_all_three_problems_problema_c.png  used on input
 line 219.
(pdftex.def)             Requested size: 155.25728pt x 110.16803pt.

Overfull \hbox (158.91763pt too wide) has occurred while \output is active
 [][]  \T1/cmss/m/n/5 ([])  
 []

[9

 <../01_all_three_problems_problema_c.png>]
Overfull \hbox (158.91763pt too wide) in paragraph at lines 254--254
 [][]  \T1/cmss/m/n/5 ([])  
 []

<../06_problem_d_expert_fronteira_perito.png, id=125, 497.6994pt x 351.714pt>
File: ../06_problem_d_expert_fronteira_perito.png Graphic file (type png)
<use ../06_problem_d_expert_fronteira_perito.png>
Package pdftex.def Info: ../06_problem_d_expert_fronteira_perito.png  used on i
nput line 254.
(pdftex.def)             Requested size: 155.8952pt x 110.16795pt.

Overfull \hbox (158.91763pt too wide) has occurred while \output is active
 [][]  \T1/cmss/m/n/5 ([])  
 []

[10

 <../06_problem_d_expert_fronteira_perito.png>]
Overfull \hbox (158.91763pt too wide) in paragraph at lines 290--290
 [][]  \T1/cmss/m/n/5 ([])  
 []

<../26_meia_lua_seed42_overview.png, id=134, 498.14679pt x 424.84436pt>
File: ../26_meia_lua_seed42_overview.png Graphic file (type png)
<use ../26_meia_lua_seed42_overview.png>
Package pdftex.def Info: ../26_meia_lua_seed42_overview.png  used on input line
 290.
(pdftex.def)             Requested size: 129.18065pt x 110.17169pt.

Overfull \hbox (158.91763pt too wide) has occurred while \output is active
 [][]  \T1/cmss/m/n/5 ([])  
 []

[11

 <../26_meia_lua_seed42_overview.png>]
Overfull \hbox (158.91763pt too wide) in paragraph at lines 326--326
 [][]  \T1/cmss/m/n/5 ([])  
 []

<../25_homem_mulher_overview.png, id=143, 498.14679pt x 424.84436pt>
File: ../25_homem_mulher_overview.png Graphic file (type png)
<use ../25_homem_mulher_overview.png>
Package pdftex.def Info: ../25_homem_mulher_overview.png  used on input line 32
6.
(pdftex.def)             Requested size: 129.18065pt x 110.17169pt.

Overfull \hbox (158.91763pt too wide) has occurred while \output is active
 [][]  \T1/cmss/m/n/5 ([])  
 []

[12

 <../25_homem_mulher_overview.png>]
Overfull \hbox (158.91763pt too wide) in paragraph at lines 352--352
 [][]  \T1/cmss/m/n/5 ([])  
 []


Overfull \hbox (158.91763pt too wide) has occurred while \output is active
 [][]  \T1/cmss/m/n/5 ([])  
 []

[13

]
Overfull \hbox (158.91763pt too wide) in paragraph at lines 364--364
 [][]  \T1/cmss/m/n/5 ([])  
 []


Overfull \hbox (158.91763pt too wide) has occurred while \output is active
 [][]  \T1/cmss/m/n/5 ([])  
 []

[14

]
Overfull \hbox (158.91763pt too wide) in paragraph at lines 383--383
 [][]  \T1/cmss/m/n/5 ([])  
 []


LaTeX Font Warning: Font shape `T1/cmss/b/n' undefined
(Font)              using `T1/cmss/m/n' instead on input line 383.


Overfull \hbox (158.91763pt too wide) has occurred while \output is active
 [][]  \T1/cmss/b/n/5 ([])  
 []

[15

]
Overfull \hbox (158.91763pt too wide) in paragraph at lines 404--404
 [][]  \T1/cmss/b/n/5 ([])  
 []


Overfull \hbox (158.91763pt too wide) has occurred while \output is active
 [][]  \T1/cmss/b/n/5 ([])  
 []

[16

]
Overfull \hbox (158.91763pt too wide) in paragraph at lines 417--417
 [][]  \T1/cmss/b/n/5 ([])  
 []


Overfull \hbox (158.91763pt too wide) has occurred while \output is active
 [][]  \T1/cmss/b/n/5 ([])  
 []

[17

]
Overfull \hbox (158.91763pt too wide) in paragraph at lines 440--440
 [][]  \T1/cmss/b/n/5 ([])  
 []

<../22_oracle_w_recovery.png, id=190, 1004.0712pt x 710.655pt>
File: ../22_oracle_w_recovery.png Graphic file (type png)
<use ../22_oracle_w_recovery.png>
Package pdftex.def Info: ../22_oracle_w_recovery.png  used on input line 440.
(pdftex.def)             Requested size: 239.38864pt x 169.43294pt.

Overfull \hbox (158.91763pt too wide) has occurred while \output is active
 [][]  \T1/cmss/b/n/5 ([])  
 []

[18

 <../22_oracle_w_recovery.png>]
Overfull \hbox (158.91763pt too wide) in paragraph at lines 450--450
 [][]  \T1/cmss/b/n/5 ([])  
 []

<../23_oracle_transfer.png, id=200, 2536.1952pt x 357.4956pt>
File: ../23_oracle_transfer.png Graphic file (type png)
<use ../23_oracle_transfer.png>
Package pdftex.def Info: ../23_oracle_transfer.png  used on input line 450.
(pdftex.def)             Requested size: 348.17645pt x 49.07805pt.

Overfull \hbox (158.91763pt too wide) has occurred while \output is active
 [][]  \T1/cmss/b/n/5 ([])  
 []

[19

 <../23_oracle_transfer.png>]
Overfull \hbox (158.91763pt too wide) in paragraph at lines 464--464
 [][]  \T1/cmss/b/n/5 ([])  
 []


Overfull \hbox (158.91763pt too wide) has occurred while \output is active
 [][]  \T1/cmss/b/n/5 ([])  
 []

[20

]
Overfull \hbox (158.91763pt too wide) in paragraph at lines 479--479
 [][]  \T1/cmss/b/n/5 ([])  
 []


Overfull \hbox (158.91763pt too wide) has occurred while \output is active
 [][]  \T1/cmss/b/n/5 ([])  
 []

[21

]
Overfull \hbox (158.91763pt too wide) in paragraph at lines 507--507
 [][]  \T1/cmss/b/n/5 ([])  
 []

<../11_metric_errors_phase_a_seed42.png, id=227, 1003.5894pt x 427.8384pt>
File: ../11_metric_errors_phase_a_seed42.png Graphic file (type png)
<use ../11_metric_errors_phase_a_seed42.png>
Package pdftex.def Info: ../11_metric_errors_phase_a_seed42.png  used on input 
line 507.
(pdftex.def)             Requested size: 261.1568pt x 111.33328pt.

Overfull \hbox (158.91763pt too wide) has occurred while \output is active
 [][]  \T1/cmss/b/n/5 ([])  
 []

[22

 <../11_metric_errors_phase_a_seed42.png>]
Overfull \hbox (158.91763pt too wide) in paragraph at lines 526--526
 [][]  \T1/cmss/b/n/5 ([])  
 []


Overfull \hbox (158.91763pt too wide) has occurred while \output is active
 [][]  \T1/cmss/b/n/5 ([])  
 []

[23

]
Overfull \hbox (158.91763pt too wide) in paragraph at lines 535--535
 [][]  \T1/cmss/b/n/5 ([])  
 []

<../10_w_distribution.png, id=243, 1292.1876pt x 355.5684pt>
File: ../10_w_distribution.png Graphic file (type png)
<use ../10_w_distribution.png>
Package pdftex.def Info: ../10_w_distribution.png  used on input line 535.
(pdftex.def)             Requested size: 369.95326pt x 101.79921pt.

Overfull \hbox (158.91763pt too wide) has occurred while \output is active
 [][]  \T1/cmss/b/n/5 ([])  
 []

[24

 <../10_w_distribution.png>]
Overfull \hbox (158.91763pt too wide) in paragraph at lines 544--544
 [][]  \T1/cmss/b/n/5 ([])  
 []

<../05_seed_comparison.png, id=252, 714.9912pt x 352.6776pt>
File: ../05_seed_comparison.png Graphic file (type png)
<use ../05_seed_comparison.png>
Package pdftex.def Info: ../05_seed_comparison.png  used on input line 544.
(pdftex.def)             Requested size: 322.62677pt x 159.13934pt.

Overfull \hbox (158.91763pt too wide) has occurred while \output is active
 [][]  \T1/cmss/b/n/5 ([])  
 []

[25

 <../05_seed_comparison.png>]
Overfull \hbox (158.91763pt too wide) in paragraph at lines 558--558
 [][]  \T1/cmss/b/n/5 ([])  
 []

<../14_algorithm_comparison.png, id=262, 1003.5894pt x 711.1368pt>
File: ../14_algorithm_comparison.png Graphic file (type png)
<use ../14_algorithm_comparison.png>
Package pdftex.def Info: ../14_algorithm_comparison.png  used on input line 558
.
(pdftex.def)             Requested size: 241.86176pt x 171.38164pt.

Overfull \hbox (158.91763pt too wide) has occurred while \output is active
 [][]  \T1/cmss/b/n/5 ([])  
 []

[26

 <../14_algorithm_comparison.png>]
Overfull \hbox (158.91763pt too wide) in paragraph at lines 577--577
 [][]  \T1/cmss/b/n/5 ([])  
 []


Overfull \hbox (158.91763pt too wide) has occurred while \output is active
 [][]  \T1/cmss/b/n/5 ([])  
 []

[27

]
Overfull \hbox (158.91763pt too wide) in paragraph at lines 595--595
 [][]  \T1/cmss/b/n/5 ([])  
 []


Overfull \hbox (158.91763pt too wide) has occurred while \output is active
 [][]  \T1/cmss/b/n/5 ([])  
 []

[28

]
Overfull \hbox (158.91763pt too wide) in paragraph at lines 610--610
 [][]  \T1/cmss/b/n/5 ([])  
 []


Overfull \hbox (158.91763pt too wide) has occurred while \output is active
 [][]  \T1/cmss/b/n/5 ([])  
 []

[29

]
Overfull \hbox (158.91763pt too wide) in paragraph at lines 619--619
 [][]  \T1/cmss/b/n/5 ([])  
 []

<../02_consistency_extended.png, id=292, 1004.0712pt x 713.5458pt>
File: ../02_consistency_extended.png Graphic file (type png)
<use ../02_consistency_extended.png>
Package pdftex.def Info: ../02_consistency_extended.png  used on input line 619
.
(pdftex.def)             Requested size: 241.15054pt x 171.37425pt.

Overfull \hbox (158.91763pt too wide) has occurred while \output is active
 [][]  \T1/cmss/b/n/5 ([])  
 []

[30

 <../02_consistency_extended.png>]
Overfull \hbox (158.91763pt too wide) in paragraph at lines 642--642
 [][]  \T1/cmss/b/n/5 ([])  
 []


Overfull \hbox (158.91763pt too wide) has occurred while \output is active
 [][]  \T1/cmss/b/n/5 ([])  
 []

[31

]
Overfull \hbox (158.91763pt too wide) in paragraph at lines 653--653
 [][]  \T1/cmss/b/n/5 ([])  
 []


Overfull \hbox (158.91763pt too wide) has occurred while \output is active
 [][]  \T1/cmss/b/n/5 ([])  
 []

[32

]
Overfull \hbox (158.91763pt too wide) in paragraph at lines 675--675
 [][]  \T1/cmss/b/n/5 ([])  
 []


Overfull \hbox (158.91763pt too wide) has occurred while \output is active
 [][]  \T1/cmss/b/n/5 ([])  
 []

[33

]
Overfull \hbox (158.91763pt too wide) in paragraph at lines 700--700
 [][]  \T1/cmss/b/n/5 ([])  
 []


Overfull \hbox (158.91763pt too wide) has occurred while \output is active
 [][]  \T1/cmss/b/n/5 ([])  
 []

[34

]
Overfull \hbox (158.91763pt too wide) in paragraph at lines 729--729
 [][]  \T1/cmss/b/n/5 ([])  
 []

<../13_r3_vs_r2.png, id=331, 1004.0712pt x 355.0866pt>
File: ../13_r3_vs_r2.png Graphic file (type png)
<use ../13_r3_vs_r2.png>
Package pdftex.def Info: ../13_r3_vs_r2.png  used on input line 729.
(pdftex.def)             Requested size: 252.44202pt x 89.27531pt.

Overfull \hbox (158.91763pt too wide) has occurred while \output is active
 [][]  \T1/cmss/b/n/5 ([])  
 []

[35

 <../13_r3_vs_r2.png>]
Overfull \hbox (158.91763pt too wide) in paragraph at lines 750--750
 [][]  \T1/cmss/b/n/5 ([])  
 []


Overfull \hbox (158.91763pt too wide) has occurred while \output is active
 [][]  \T1/cmss/b/n/5 ([])  
 []

[36

]
Overfull \hbox (158.91763pt too wide) in paragraph at lines 761--761
 [][]  \T1/cmss/b/n/5 ([])  
 []

<../15_class_order_bias.png, id=347, 1004.0712pt x 427.8384pt>
File: ../15_class_order_bias.png Graphic file (type png)
<use ../15_class_order_bias.png>
Package pdftex.def Info: ../15_class_order_bias.png  used on input line 761.
(pdftex.def)             Requested size: 348.19748pt x 148.36821pt.

Overfull \hbox (158.91763pt too wide) has occurred while \output is active
 [][]  \T1/cmss/b/n/5 ([])  
 []

[37

 <../15_class_order_bias.png>]
Overfull \hbox (158.91763pt too wide) in paragraph at lines 775--775
 [][]  \T1/cmss/b/n/5 ([])  
 []


Overfull \hbox (158.91763pt too wide) has occurred while \output is active
 [][]  \T1/cmss/b/n/5 ([])  
 []

[38

]
Overfull \hbox (158.91763pt too wide) in paragraph at lines 784--784
 [][]  \T1/cmss/b/n/5 ([])  
 []

<../17_prompt_variant_comparison.png, id=364, 1437.6912pt x 427.8384pt>
File: ../17_prompt_variant_comparison.png Graphic file (type png)
<use ../17_prompt_variant_comparison.png>
Package pdftex.def Info: ../17_prompt_variant_comparison.png  used on input lin
e 784.
(pdftex.def)             Requested size: 369.95186pt x 110.0929pt.

Overfull \hbox (158.91763pt too wide) has occurred while \output is active
 [][]  \T1/cmss/b/n/5 ([])  
 []

[39

 <../17_prompt_variant_comparison.png>]
Overfull \hbox (158.91763pt too wide) in paragraph at lines 802--802
 [][]  \T1/cmss/b/n/5 ([])  
 []

<../03_class_names_effect.png, id=374, 859.5312pt x 352.6776pt>
File: ../03_class_names_effect.png Graphic file (type png)
<use ../03_class_names_effect.png>
Package pdftex.def Info: ../03_class_names_effect.png  used on input line 802.
(pdftex.def)             Requested size: 239.38179pt x 98.22166pt.

Overfull \hbox (158.91763pt too wide) has occurred while \output is active
 [][]  \T1/cmss/b/n/5 ([])  
 []

[40

 <../03_class_names_effect.png>]
Overfull \hbox (158.91763pt too wide) in paragraph at lines 805--805
 [][]  \T1/cmss/b/n/5 ([])  
 []

\openout4 = `apresentacao.vrb'.


Overfull \hbox (158.91763pt too wide) in paragraph at lines 826--826
 [][]  \T1/cmss/b/n/5 ([])  
 []

(./apresentacao.vrb)
Overfull \hbox (158.91763pt too wide) has occurred while \output is active
 [][]  \T1/cmss/b/n/5 ([])  
 []

[41

]
Overfull \hbox (158.91763pt too wide) in paragraph at lines 829--829
 [][]  \T1/cmss/b/n/5 ([])  
 []

\openout4 = `apresentacao.vrb'.


Overfull \hbox (158.91763pt too wide) in paragraph at lines 855--855
 [][]  \T1/cmss/b/n/5 ([])  
 []

(./apresentacao.vrb)
Overfull \hbox (158.91763pt too wide) has occurred while \output is active
 [][]  \T1/cmss/b/n/5 ([])  
 []

[42

]
Overfull \hbox (158.91763pt too wide) in paragraph at lines 870--870
 [][]  \T1/cmss/b/n/5 ([])  
 []


Overfull \hbox (158.91763pt too wide) has occurred while \output is active
 [][]  \T1/cmss/b/n/5 ([])  
 []

[43

]
Overfull \hbox (158.91763pt too wide) in paragraph at lines 889--889
 [][]  \T1/cmss/b/n/5 ([])  
 []

<../06_problem_d_expert.png, id=408, 1280.6244pt x 352.1958pt>
File: ../06_problem_d_expert.png Graphic file (type png)
<use ../06_problem_d_expert.png>
Package pdftex.def Info: ../06_problem_d_expert.png  used on input line 889.
(pdftex.def)             Requested size: 195.85674pt x 53.86427pt.

Overfull \hbox (158.91763pt too wide) has occurred while \output is active
 [][]  \T1/cmss/b/n/5 ([])  
 []

[44

 <../06_problem_d_expert.png>]
Overfull \hbox (158.91763pt too wide) in paragraph at lines 898--898
 [][]  \T1/cmss/b/n/5 ([])  
 []

<../07_phase_d_example_strategies.png, id=417, 859.0494pt x 710.1732pt>
File: ../07_phase_d_example_strategies.png Graphic file (type png)
<use ../07_phase_d_example_strategies.png>
Package pdftex.def Info: ../07_phase_d_example_strategies.png  used on input li
ne 898.
(pdftex.def)             Requested size: 207.30334pt x 171.37697pt.

Overfull \hbox (158.91763pt too wide) has occurred while \output is active
 [][]  \T1/cmss/b/n/5 ([])  
 []

[45

 <../07_phase_d_example_strategies.png>]
Overfull \hbox (158.91763pt too wide) in paragraph at lines 907--907
 [][]  \T1/cmss/b/n/5 ([])  
 []

<../08_phase_d_learning_curve.png, id=426, 1293.633pt x 353.1594pt>
File: ../08_phase_d_learning_curve.png Graphic file (type png)
<use ../08_phase_d_learning_curve.png>
Package pdftex.def Info: ../08_phase_d_learning_curve.png  used on input line 9
07.
(pdftex.def)             Requested size: 391.70517pt x 106.93477pt.

Overfull \hbox (158.91763pt too wide) has occurred while \output is active
 [][]  \T1/cmss/b/n/5 ([])  
 []

[46

 <../08_phase_d_learning_curve.png>]
Overfull \hbox (158.91763pt too wide) in paragraph at lines 916--916
 [][]  \T1/cmss/b/n/5 ([])  
 []

<../09_phase_d_strategy_comparison.png, id=435, 1437.6912pt x 357.0138pt>
File: ../09_phase_d_strategy_comparison.png Graphic file (type png)
<use ../09_phase_d_strategy_comparison.png>
Package pdftex.def Info: ../09_phase_d_strategy_comparison.png  used on input l
ine 916.
(pdftex.def)             Requested size: 391.71373pt x 97.27206pt.

Overfull \hbox (158.91763pt too wide) has occurred while \output is active
 [][]  \T1/cmss/b/n/5 ([])  
 []

[47

 <../09_phase_d_strategy_comparison.png>]
Overfull \hbox (158.91763pt too wide) in paragraph at lines 932--932
 [][]  \T1/cmss/b/n/5 ([])  
 []


Overfull \hbox (158.91763pt too wide) has occurred while \output is active
 [][]  \T1/cmss/b/n/5 ([])  
 []

[48

]
Overfull \hbox (158.91763pt too wide) in paragraph at lines 953--953
 [][]  \T1/cmss/b/n/5 ([])  
 []


Overfull \hbox (158.91763pt too wide) has occurred while \output is active
 [][]  \T1/cmss/b/n/5 ([])  
 []

[49

]
Overfull \hbox (158.91763pt too wide) in paragraph at lines 971--971
 [][]  \T1/cmss/b/n/5 ([])  
 []


Overfull \hbox (158.91763pt too wide) has occurred while \output is active
 [][]  \T1/cmss/b/n/5 ([])  
 []

[50

]
Overfull \hbox (158.91763pt too wide) in paragraph at lines 988--988
 [][]  \T1/cmss/b/n/5 ([])  
 []

<../12_dilution_experiment.png, id=466, 1004.0712pt x 356.532pt>
File: ../12_dilution_experiment.png Graphic file (type png)
<use ../12_dilution_experiment.png>
Package pdftex.def Info: ../12_dilution_experiment.png  used on input line 988.

(pdftex.def)             Requested size: 239.38864pt x 85.00363pt.

Overfull \hbox (158.91763pt too wide) has occurred while \output is active
 [][]  \T1/cmss/b/n/5 ([])  
 []

[51

 <../12_dilution_experiment.png>]
Overfull \hbox (158.91763pt too wide) in paragraph at lines 998--998
 [][]  \T1/cmss/b/n/5 ([])  
 []

<../16_example_order_bias.png, id=475, 1293.1512pt x 427.8384pt>
File: ../16_example_order_bias.png Graphic file (type png)
<use ../16_example_order_bias.png>
Package pdftex.def Info: ../16_example_order_bias.png  used on input line 998.
(pdftex.def)             Requested size: 348.18863pt x 115.19801pt.

Overfull \hbox (158.91763pt too wide) has occurred while \output is active
 [][]  \T1/cmss/b/n/5 ([])  
 []

[52

 <../16_example_order_bias.png>]
Overfull \hbox (158.91763pt too wide) in paragraph at lines 1013--1013
 [][]  \T1/cmss/b/n/5 ([])  
 []


Overfull \hbox (158.91763pt too wide) has occurred while \output is active
 [][]  \T1/cmss/b/n/5 ([])  
 []

[53

]
Overfull \hbox (158.91763pt too wide) in paragraph at lines 1032--1032
 [][]  \T1/cmss/b/n/5 ([])  
 []

<../18_classical_baselines.png, id=491, 1438.173pt x 427.8384pt>
File: ../18_classical_baselines.png Graphic file (type png)
<use ../18_classical_baselines.png>
Package pdftex.def Info: ../18_classical_baselines.png  used on input line 1032
.
(pdftex.def)             Requested size: 239.37306pt x 71.21046pt.

Overfull \hbox (158.91763pt too wide) has occurred while \output is active
 [][]  \T1/cmss/b/n/5 ([])  
 []

[54

 <../18_classical_baselines.png>]
Overfull \hbox (158.91763pt too wide) in paragraph at lines 1049--1049
 [][]  \T1/cmss/b/n/5 ([])  
 []


Overfull \hbox (158.91763pt too wide) has occurred while \output is active
 [][]  \T1/cmss/b/n/5 ([])  
 []

[55

]
Overfull \hbox (158.91763pt too wide) in paragraph at lines 1059--1059
 [][]  \T1/cmss/b/n/5 ([])  
 []

<../28_external_features_comparison.png, id=508, 1068.04736pt x 711.8595pt>
File: ../28_external_features_comparison.png Graphic file (type png)
<use ../28_external_features_comparison.png>
Package pdftex.def Info: ../28_external_features_comparison.png  used on input 
line 1059.
(pdftex.def)             Requested size: 202.03477pt x 134.65729pt.

Overfull \hbox (158.91763pt too wide) has occurred while \output is active
 [][]  \T1/cmss/b/n/5 ([])  
 []

[56

 <../28_external_features_comparison.png>]
Overfull \hbox (158.91763pt too wide) in paragraph at lines 1081--1081
 [][]  \T1/cmss/b/n/5 ([])  
 []

<../29_external_decision_boundary.png, id=517, 1076.823pt x 1065.4663pt>
File: ../29_external_decision_boundary.png Graphic file (type png)
<use ../29_external_decision_boundary.png>
Package pdftex.def Info: ../29_external_decision_boundary.png  used on input li
ne 1081.
(pdftex.def)             Requested size: 61.84618pt x 61.19392pt.

Overfull \hbox (158.91763pt too wide) has occurred while \output is active
 [][]  \T1/cmss/b/n/5 ([])  
 []

[57

 <../29_external_decision_boundary.png>]
Overfull \hbox (158.91763pt too wide) in paragraph at lines 1091--1091
 [][]  \T1/cmss/b/n/5 ([])  
 []

<../27_external_learning_curve.png, id=526, 931.76678pt x 357.22029pt>
File: ../27_external_learning_curve.png Graphic file (type png)
<use ../27_external_learning_curve.png>
Package pdftex.def Info: ../27_external_learning_curve.png  used on input line 
1091.
(pdftex.def)             Requested size: 326.43605pt x 125.14888pt.

Overfull \hbox (158.91763pt too wide) has occurred while \output is active
 [][]  \T1/cmss/b/n/5 ([])  
 []

[58

 <../27_external_learning_curve.png>]
Overfull \hbox (158.91763pt too wide) in paragraph at lines 1101--1101
 [][]  \T1/cmss/b/n/5 ([])  
 []

<../30_external_llm_vs_perceptron.png, id=535, 1076.3068pt x 357.22029pt>
File: ../30_external_llm_vs_perceptron.png Graphic file (type png)
<use ../30_external_llm_vs_perceptron.png>
Package pdftex.def Info: ../30_external_llm_vs_perceptron.png  used on input li
ne 1101.
(pdftex.def)             Requested size: 304.66489pt x 101.1166pt.

Overfull \hbox (158.91763pt too wide) has occurred while \output is active
 [][]  \T1/cmss/b/n/5 ([])  
 []

[59

 <../30_external_llm_vs_perceptron.png>]
Overfull \hbox (158.91763pt too wide) in paragraph at lines 1124--1124
 [][]  \T1/cmss/b/n/5 ([])  
 []


Overfull \hbox (158.91763pt too wide) has occurred while \output is active
 [][]  \T1/cmss/b/n/5 ([])  
 []

[60

]
Overfull \hbox (158.91763pt too wide) in paragraph at lines 1145--1145
 [][]  \T1/cmss/b/n/5 ([])  
 []


Overfull \hbox (158.91763pt too wide) has occurred while \output is active
 [][]  \T1/cmss/b/n/5 ([])  
 []

[61

]
Overfull \hbox (158.91763pt too wide) in paragraph at lines 1155--1155
 [][]  \T1/cmss/b/n/5 ([])  
 []

File: ../27_external_learning_curve.png Graphic file (type png)
<use ../27_external_learning_curve.png>
Package pdftex.def Info: ../27_external_learning_curve.png  used on input line 
1155.
(pdftex.def)             Requested size: 304.6689pt x 116.8038pt.

Overfull \hbox (158.91763pt too wide) has occurred while \output is active
 [][]  \T1/cmss/b/n/5 ([])  
 []

[62

]
Overfull \hbox (158.91763pt too wide) in paragraph at lines 1173--1173
 [][]  \T1/cmss/b/n/5 ([])  
 []


Overfull \hbox (158.91763pt too wide) has occurred while \output is active
 [][]  \T1/cmss/b/n/5 ([])  
 []

[63

]
Overfull \hbox (158.91763pt too wide) in paragraph at lines 1188--1188
 [][]  \T1/cmss/b/n/5 ([])  
 []


Overfull \hbox (158.91763pt too wide) has occurred while \output is active
 [][]  \T1/cmss/b/n/5 ([])  
 []

[64

]
Overfull \hbox (158.91763pt too wide) in paragraph at lines 1204--1204
 [][]  \T1/cmss/b/n/5 ([])  
 []

File: ../05_seed_comparison.png Graphic file (type png)
<use ../05_seed_comparison.png>
Package pdftex.def Info: ../05_seed_comparison.png  used on input line 1204.
(pdftex.def)             Requested size: 297.80681pt x 146.8966pt.

Overfull \hbox (158.91763pt too wide) has occurred while \output is active
 [][]  \T1/cmss/b/n/5 ([])  
 []

[65

]
Overfull \hbox (158.91763pt too wide) in paragraph at lines 1224--1224
 [][]  \T1/cmss/b/n/5 ([])  
 []


Overfull \hbox (158.91763pt too wide) has occurred while \output is active
 [][]  \T1/cmss/b/n/5 ([])  
 []

[66

]
Overfull \hbox (158.91763pt too wide) in paragraph at lines 1234--1234
 [][]  \T1/cmss/b/n/5 ([])  
 []


Overfull \hbox (158.91763pt too wide) has occurred while \output is active
 [][]  \T1/cmss/b/n/5 ([])  
 []

[67

]
Overfull \hbox (158.91763pt too wide) in paragraph at lines 1243--1243
 [][]  \T1/cmss/b/n/5 ([])  
 []

<../20_confusion_matrices_seed42.png, id=609, 1061.4054pt x 710.655pt>
File: ../20_confusion_matrices_seed42.png Graphic file (type png)
<use ../20_confusion_matrices_seed42.png>
Package pdftex.def Info: ../20_confusion_matrices_seed42.png  used on input lin
e 1243.
(pdftex.def)             Requested size: 274.24214pt x 183.6165pt.

Overfull \hbox (158.91763pt too wide) has occurred while \output is active
 [][]  \T1/cmss/b/n/5 ([])  
 []

[68

 <../20_confusion_matrices_seed42.png>]
Overfull \hbox (158.91763pt too wide) in paragraph at lines 1254--1254
 [][]  \T1/cmss/b/n/5 ([])  
 []

<../24_llm_labels_seed42_peso_altura_5.png, id=618, 1293.11679pt x 356.70407pt>

File: ../24_llm_labels_seed42_peso_altura_5.png Graphic file (type png)
<use ../24_llm_labels_seed42_peso_altura_5.png>
Package pdftex.def Info: ../24_llm_labels_seed42_peso_altura_5.png  used on inp
ut line 1254.
(pdftex.def)             Requested size: 182.80376pt x 50.42264pt.
<../24_llm_labels_seed42_x1_x2_5.png, id=619, 1293.633pt x 356.70407pt>
File: ../24_llm_labels_seed42_x1_x2_5.png Graphic file (type png)
<use ../24_llm_labels_seed42_x1_x2_5.png>
Package pdftex.def Info: ../24_llm_labels_seed42_x1_x2_5.png  used on input lin
e 1254.
(pdftex.def)             Requested size: 182.80376pt x 50.40086pt.

Overfull \hbox (158.91763pt too wide) has occurred while \output is active
 [][]  \T1/cmss/b/n/5 ([])  
 []

[69

 <../24_llm_labels_seed42_peso_altura_5.png> <../24_llm_labels_seed42_x1_x2_5.p
ng>]
Overfull \hbox (158.91763pt too wide) in paragraph at lines 1274--1274
 [][]  \T1/cmss/b/n/5 ([])  
 []


Overfull \hbox (158.91763pt too wide) has occurred while \output is active
 [][]  \T1/cmss/b/n/5 ([])  
 []

[70

]
Overfull \hbox (158.91763pt too wide) in paragraph at lines 1286--1286
 [][]  \T1/cmss/b/n/5 ([])  
 []


Overfull \hbox (158.91763pt too wide) has occurred while \output is active
 [][]  \T1/cmss/b/n/5 ([])  
 []

[71

]
Overfull \hbox (158.91763pt too wide) in paragraph at lines 1307--1307
 [][]  \T1/cmss/b/n/5 ([])  
 []


Overfull \hbox (158.91763pt too wide) has occurred while \output is active
 [][]  \T1/cmss/b/n/5 ([])  
 []

[72

]
Overfull \hbox (158.91763pt too wide) in paragraph at lines 1323--1323
 [][]  \T1/cmss/b/n/5 ([])  
 []


Overfull \hbox (158.91763pt too wide) has occurred while \output is active
 [][]  \T1/cmss/b/n/5 ([])  
 []

[73

]
Overfull \hbox (158.91763pt too wide) in paragraph at lines 1347--1347
 [][]  \T1/cmss/b/n/5 ([])  
 []


Overfull \hbox (158.91763pt too wide) has occurred while \output is active
 [][]  \T1/cmss/b/n/5 ([])  
 []

[74

]
Overfull \hbox (158.91763pt too wide) in paragraph at lines 1365--1365
 [][]  \T1/cmss/b/n/5 ([])  
 []


Overfull \hbox (158.91763pt too wide) has occurred while \output is active
 [][]  \T1/cmss/b/n/5 ([])  
 []

[75

]
Overfull \hbox (158.91763pt too wide) in paragraph at lines 1385--1385
 [][]  \T1/cmss/b/n/5 ([])  
 []


Overfull \hbox (158.91763pt too wide) has occurred while \output is active
 [][]  \T1/cmss/b/n/5 ([])  
 []

[76

]
Overfull \hbox (158.91763pt too wide) in paragraph at lines 1406--1406
 [][]  \T1/cmss/b/n/5 ([])  
 []


Overfull \hbox (158.91763pt too wide) has occurred while \output is active
 [][]  \T1/cmss/b/n/5 ([])  
 []

[77

]
Overfull \hbox (158.91763pt too wide) in paragraph at lines 1424--1424
 [][]  \T1/cmss/b/n/5 ([])  
 []


Overfull \hbox (158.91763pt too wide) has occurred while \output is active
 [][]  \T1/cmss/b/n/5 ([])  
 []

[78

]
Overfull \hbox (158.91763pt too wide) in paragraph at lines 1443--1443
 [][]  \T1/cmss/b/n/5 ([])  
 []


Overfull \hbox (158.91763pt too wide) has occurred while \output is active
 [][]  \T1/cmss/b/n/5 ([])  
 []

[79

]
Overfull \hbox (158.91763pt too wide) in paragraph at lines 1457--1457
 [][]  \T1/cmss/b/n/5 ([])  
 []


Overfull \hbox (158.91763pt too wide) has occurred while \output is active
 [][]  \T1/cmss/b/n/5 ([])  
 []

[80

]
Overfull \hbox (158.91763pt too wide) in paragraph at lines 1469--1469
 [][]  \T1/cmss/b/n/5 ([])  
 []


Overfull \hbox (158.91763pt too wide) has occurred while \output is active
 [][]  \T1/cmss/b/n/5 ([])  
 []

[81

]
Overfull \hbox (158.91763pt too wide) in paragraph at lines 1489--1489
 [][]  \T1/cmss/b/n/5 ([])  
 []


Overfull \hbox (158.91763pt too wide) has occurred while \output is active
 [][]  \T1/cmss/b/n/5 ([])  
 []

[82

]
Overfull \hbox (158.91763pt too wide) in paragraph at lines 1500--1500
 [][]  \T1/cmss/b/n/5 ([])  
 []


Overfull \hbox (158.91763pt too wide) has occurred while \output is active
 [][]  \T1/cmss/b/n/5 ([])  
 []

[83

]
\tf@nav=\write6
\openout6 = `apresentacao.nav'.

\tf@toc=\write7
\openout7 = `apresentacao.toc'.

\tf@snm=\write8
\openout8 = `apresentacao.snm'.

 (./apresentacao.aux)
 ***********
LaTeX2e <2025-11-01>
L3 programming layer <2026-01-19>
 ***********


LaTeX Font Warning: Some font shapes were not available, defaults substituted.

Package rerunfilecheck Info: File `apresentacao.out' has not changed.
(rerunfilecheck)             Checksum: D41D8CD98F00B204E9800998ECF8427E;0.
 ) 
Here is how much of TeX's memory you used:
 30918 strings out of 467525
 661397 string characters out of 5418983
 999169 words of memory out of 5000000
 59105 multiletter control sequences out of 15000+600000
 653399 words of font info for 100 fonts, out of 8000000 for 9000
 1141 hyphenation exceptions out of 8191
 128i,15n,123p,414b,1050s stack positions out of 10000i,1000n,20000p,200000b,200000s
</usr/local/texlive/2026/texmf-dist/fonts/type1/public/amsfonts/cmextra/cmex7
.pfb></usr/local/texlive/2026/texmf-dist/fonts/type1/public/amsfonts/cmextra/cm
ex8.pfb></usr/local/texlive/2026/texmf-dist/fonts/type1/public/amsfonts/cm/cmmi
5.pfb></usr/local/texlive/2026/texmf-dist/fonts/type1/public/amsfonts/cm/cmmi7.
pfb></usr/local/texlive/2026/texmf-dist/fonts/type1/public/amsfonts/cm/cmmi8.pf
b></usr/local/texlive/2026/texmf-dist/fonts/type1/public/amsfonts/cm/cmss8.pfb>
</usr/local/texlive/2026/texmf-dist/fonts/type1/public/amsfonts/cm/cmssi12.pfb>
</usr/local/texlive/2026/texmf-dist/fonts/type1/public/amsfonts/cm/cmssi8.pfb><
/usr/local/texlive/2026/texmf-dist/fonts/type1/public/amsfonts/cm/cmsy10.pfb></
usr/local/texlive/2026/texmf-dist/fonts/type1/public/amsfonts/cm/cmsy5.pfb></us
r/local/texlive/2026/texmf-dist/fonts/type1/public/amsfonts/cm/cmsy7.pfb></usr/
local/texlive/2026/texmf-dist/fonts/type1/public/amsfonts/cm/cmsy8.pfb></usr/lo
cal/texlive/2026/texmf-dist/fonts/type1/public/amsfonts/cm/cmsy9.pfb></usr/loca
l/texlive/2026/texmf-dist/fonts/type1/public/amsfonts/symbols/msam7.pfb></usr/l
ocal/texlive/2026/texmf-dist/fonts/type1/public/amsfonts/symbols/msbm7.pfb></us
r/local/texlive/2026/texmf-dist/fonts/type1/public/cm-super/sfsi0700.pfb></usr/
local/texlive/2026/texmf-dist/fonts/type1/public/cm-super/sfsi0800.pfb></usr/lo
cal/texlive/2026/texmf-dist/fonts/type1/public/cm-super/sfss0500.pfb></usr/loca
l/texlive/2026/texmf-dist/fonts/type1/public/cm-super/sfss0600.pfb></usr/local/
texlive/2026/texmf-dist/fonts/type1/public/cm-super/sfss0700.pfb></usr/local/te
xlive/2026/texmf-dist/fonts/type1/public/cm-super/sfss0800.pfb></usr/local/texl
ive/2026/texmf-dist/fonts/type1/public/cm-super/sfss0900.pfb></usr/local/texliv
e/2026/texmf-dist/fonts/type1/public/cm-super/sfss1000.pfb></usr/local/texlive/
2026/texmf-dist/fonts/type1/public/cm-super/sfss1200.pfb></usr/local/texlive/20
26/texmf-dist/fonts/type1/public/cm-super/sfss1440.pfb></usr/local/texlive/2026
/texmf-dist/fonts/type1/public/cm-super/sfsx0500.pfb></usr/local/texlive/2026/t
exmf-dist/fonts/type1/public/cm-super/sfsx0600.pfb></usr/local/texlive/2026/tex
mf-dist/fonts/type1/public/cm-super/sfsx0700.pfb></usr/local/texlive/2026/texmf
-dist/fonts/type1/public/cm-super/sfsx0800.pfb></usr/local/texlive/2026/texmf-d
ist/fonts/type1/public/cm-super/sfsx0900.pfb></usr/local/texlive/2026/texmf-dis
t/fonts/type1/public/cm-super/sfsx1200.pfb></usr/local/texlive/2026/texmf-dist/
fonts/type1/public/cm-super/sfsx1440.pfb></usr/local/texlive/2026/texmf-dist/fo
nts/type1/public/cm-super/sftt0800.pfb>
Output written on apresentacao.pdf (83 pages, 4255411 bytes).
PDF statistics:
 904 PDF objects out of 1000 (max. 8388607)
 583 compressed objects within 6 object streams
 167 named destinations out of 1000 (max. 500000)
 251 words of extra memory for PDF output out of 10000 (max. 10000000)

